{"/home/kibongo/dev/express/src/app.ts": {"path":"/home/kibongo/dev/express/src/app.ts","statementMap":{"0":{"start":{"line":1,"column":0},"end":{"line":1,"column":67}},"1":{"start":{"line":2,"column":0},"end":{"line":2,"column":24}},"2":{"start":{"line":5,"column":0},"end":{"line":5,"column":60}},"3":{"start":{"line":6,"column":0},"end":{"line":6,"column":28}},"4":{"start":{"line":9,"column":0},"end":{"line":9,"column":16}},"5":{"start":{"line":10,"column":12},"end":{"line":10,"column":21}},"6":{"start":{"line":11,"column":13},"end":{"line":11,"column":25}},"7":{"start":{"line":15,"column":0},"end":{"line":15,"column":40}},"8":{"start":{"line":16,"column":0},"end":{"line":16,"column":45}},"9":{"start":{"line":17,"column":0},"end":{"line":17,"column":43}},"10":{"start":{"line":18,"column":0},"end":{"line":18,"column":45}},"11":{"start":{"line":19,"column":0},"end":{"line":19,"column":40}},"12":{"start":{"line":20,"column":0},"end":{"line":20,"column":47}},"13":{"start":{"line":21,"column":0},"end":{"line":21,"column":39}},"14":{"start":{"line":22,"column":0},"end":{"line":22,"column":50}},"15":{"start":{"line":23,"column":0},"end":{"line":23,"column":58}},"16":{"start":{"line":24,"column":0},"end":{"line":24,"column":58}},"17":{"start":{"line":28,"column":1},"end":{"line":28,"column":22}},"18":{"start":{"line":32,"column":0},"end":{"line":32,"column":30}},"19":{"start":{"line":33,"column":0},"end":{"line":33,"column":36}},"20":{"start":{"line":34,"column":0},"end":{"line":34,"column":34}},"21":{"start":{"line":35,"column":0},"end":{"line":35,"column":35}},"22":{"start":{"line":36,"column":0},"end":{"line":36,"column":30}},"23":{"start":{"line":40,"column":11},"end":{"line":40,"column":41}},"24":{"start":{"line":44,"column":0},"end":{"line":44,"column":24}},"25":{"start":{"line":45,"column":0},"end":{"line":45,"column":null}},"26":{"start":{"line":46,"column":0},"end":{"line":46,"column":null}},"27":{"start":{"line":47,"column":0},"end":{"line":47,"column":16}},"28":{"start":{"line":50,"column":0},"end":{"line":55,"column":3}},"29":{"start":{"line":51,"column":1},"end":{"line":54,"column":4}},"30":{"start":{"line":57,"column":0},"end":{"line":70,"column":3}},"31":{"start":{"line":57,"column":66},"end":{"line":70,"column":2}},"32":{"start":{"line":58,"column":28},"end":{"line":58,"column":50}},"33":{"start":{"line":59,"column":28},"end":{"line":59,"column":50}},"34":{"start":{"line":60,"column":22},"end":{"line":60,"column":41}},"35":{"start":{"line":61,"column":15},"end":{"line":65,"column":null}},"36":{"start":{"line":66,"column":1},"end":{"line":69,"column":4}},"37":{"start":{"line":72,"column":0},"end":{"line":77,"column":3}},"38":{"start":{"line":73,"column":1},"end":{"line":76,"column":4}},"39":{"start":{"line":79,"column":0},"end":{"line":79,"column":19}}},"fnMap":{"0":{"name":"(anonymous_8)","decl":{"start":{"line":50,"column":13},"end":{"line":50,"column":14}},"loc":{"start":{"line":50,"column":45},"end":{"line":55,"column":1}}},"1":{"name":"(anonymous_9)","decl":{"start":{"line":57,"column":28},"end":{"line":57,"column":35}},"loc":{"start":{"line":57,"column":66},"end":{"line":70,"column":2}}},"2":{"name":"(anonymous_10)","decl":{"start":{"line":57,"column":66},"end":{"line":57,"column":null}},"loc":{"start":{"line":57,"column":66},"end":{"line":70,"column":1}}},"3":{"name":"(anonymous_11)","decl":{"start":{"line":72,"column":13},"end":{"line":72,"column":14}},"loc":{"start":{"line":72,"column":45},"end":{"line":77,"column":1}}}},"branchMap":{},"s":{"0":1,"1":1,"2":1,"3":1,"4":1,"5":1,"6":1,"7":1,"8":1,"9":1,"10":1,"11":1,"12":1,"13":1,"14":1,"15":1,"16":1,"17":1,"18":1,"19":1,"20":1,"21":1,"22":1,"23":1,"24":1,"25":1,"26":1,"27":1,"28":1,"29":1,"30":1,"31":1,"32":1,"33":1,"34":1,"35":1,"36":1,"37":1,"38":1,"39":1},"f":{"0":1,"1":1,"2":1,"3":1},"b":{}}
,"/home/kibongo/dev/express/src/models/blogModels.ts": {"path":"/home/kibongo/dev/express/src/models/blogModels.ts","statementMap":{"0":{"start":{"line":1,"column":0},"end":{"line":1,"column":54}},"1":{"start":{"line":12,"column":27},"end":{"line":33,"column":null}},"2":{"start":{"line":36,"column":13},"end":{"line":36,"column":54}},"3":{"start":{"line":38,"column":0},"end":{"line":38,"column":20}}},"fnMap":{},"branchMap":{},"s":{"0":1,"1":1,"2":1,"3":1},"f":{},"b":{}}
,"/home/kibongo/dev/express/src/models/commentModel.ts": {"path":"/home/kibongo/dev/express/src/models/commentModel.ts","statementMap":{"0":{"start":{"line":1,"column":0},"end":{"line":1,"column":53}},"1":{"start":{"line":11,"column":30},"end":{"line":32,"column":2}},"2":{"start":{"line":34,"column":16},"end":{"line":34,"column":65}},"3":{"start":{"line":37,"column":0},"end":{"line":37,"column":23}}},"fnMap":{},"branchMap":{},"s":{"0":1,"1":1,"2":1,"3":1},"f":{},"b":{}}
,"/home/kibongo/dev/express/src/models/messageModel.ts": {"path":"/home/kibongo/dev/express/src/models/messageModel.ts","statementMap":{"0":{"start":{"line":1,"column":0},"end":{"line":1,"column":54}},"1":{"start":{"line":10,"column":30},"end":{"line":27,"column":2}},"2":{"start":{"line":29,"column":14},"end":{"line":29,"column":64}},"3":{"start":{"line":31,"column":0},"end":{"line":31,"column":23}}},"fnMap":{},"branchMap":{},"s":{"0":1,"1":1,"2":1,"3":1},"f":{},"b":{}}
,"/home/kibongo/dev/express/src/models/profileModel.ts": {"path":"/home/kibongo/dev/express/src/models/profileModel.ts","statementMap":{"0":{"start":{"line":1,"column":0},"end":{"line":1,"column":59}},"1":{"start":{"line":8,"column":28},"end":{"line":18,"column":2}},"2":{"start":{"line":20,"column":16},"end":{"line":20,"column":66}},"3":{"start":{"line":22,"column":0},"end":{"line":22,"column":23}}},"fnMap":{},"branchMap":{},"s":{"0":1,"1":1,"2":1,"3":1},"f":{},"b":{}}
,"/home/kibongo/dev/express/src/routes/blogs.ts": {"path":"/home/kibongo/dev/express/src/routes/blogs.ts","statementMap":{"0":{"start":{"line":1,"column":0},"end":{"line":1,"column":65}},"1":{"start":{"line":2,"column":0},"end":{"line":2,"column":51}},"2":{"start":{"line":3,"column":0},"end":{"line":3,"column":32}},"3":{"start":{"line":5,"column":0},"end":{"line":5,"column":41}},"4":{"start":{"line":6,"column":0},"end":{"line":6,"column":40}},"5":{"start":{"line":7,"column":0},"end":{"line":7,"column":24}},"6":{"start":{"line":8,"column":0},"end":{"line":8,"column":60}},"7":{"start":{"line":9,"column":0},"end":{"line":9,"column":34}},"8":{"start":{"line":10,"column":0},"end":{"line":10,"column":57}},"9":{"start":{"line":13,"column":14},"end":{"line":17,"column":3}},"10":{"start":{"line":18,"column":1},"end":{"line":18,"column":30}},"11":{"start":{"line":22,"column":19},"end":{"line":22,"column":35}},"12":{"start":{"line":23,"column":0},"end":{"line":23,"column":31}},"13":{"start":{"line":28,"column":1},"end":{"line":28,"column":29}},"14":{"start":{"line":32,"column":1},"end":{"line":32,"column":24}},"15":{"start":{"line":33,"column":1},"end":{"line":35,"column":null}},"16":{"start":{"line":37,"column":1},"end":{"line":37,"column":30}},"17":{"start":{"line":39,"column":0},"end":{"line":52,"column":3}},"18":{"start":{"line":39,"column":58},"end":{"line":52,"column":2}},"19":{"start":{"line":40,"column":1},"end":{"line":51,"column":2}},"20":{"start":{"line":41,"column":23},"end":{"line":41,"column":85}},"21":{"start":{"line":42,"column":2},"end":{"line":45,"column":5}},"22":{"start":{"line":47,"column":2},"end":{"line":50,"column":5}},"23":{"start":{"line":56,"column":0},"end":{"line":69,"column":3}},"24":{"start":{"line":56,"column":61},"end":{"line":69,"column":2}},"25":{"start":{"line":57,"column":1},"end":{"line":68,"column":2}},"26":{"start":{"line":58,"column":13},"end":{"line":58,"column":47}},"27":{"start":{"line":59,"column":2},"end":{"line":62,"column":5}},"28":{"start":{"line":64,"column":2},"end":{"line":67,"column":11}},"29":{"start":{"line":75,"column":0},"end":{"line":99,"column":null}},"30":{"start":{"line":75,"column":70},"end":{"line":99,"column":2}},"31":{"start":{"line":76,"column":1},"end":{"line":98,"column":2}},"32":{"start":{"line":77,"column":2},"end":{"line":95,"column":4}},"33":{"start":{"line":78,"column":14},"end":{"line":78,"column":27}},"34":{"start":{"line":79,"column":18},"end":{"line":79,"column":51}},"35":{"start":{"line":80,"column":19},"end":{"line":80,"column":58}},"36":{"start":{"line":81,"column":4},"end":{"line":83,"column":5}},"37":{"start":{"line":82,"column":5},"end":{"line":82,"column":37}},"38":{"start":{"line":84,"column":4},"end":{"line":94,"column":5}},"39":{"start":{"line":85,"column":5},"end":{"line":88,"column":8}},"40":{"start":{"line":90,"column":5},"end":{"line":93,"column":8}},"41":{"start":{"line":104,"column":1},"end":{"line":117,"column":2}},"42":{"start":{"line":105,"column":13},"end":{"line":105,"column":46}},"43":{"start":{"line":106,"column":14},"end":{"line":106,"column":59}},"44":{"start":{"line":107,"column":13},"end":{"line":107,"column":47}},"45":{"start":{"line":108,"column":2},"end":{"line":116,"column":3}},"46":{"start":{"line":109,"column":14},"end":{"line":109,"column":37}},"47":{"start":{"line":110,"column":3},"end":{"line":110,"column":21}},"48":{"start":{"line":111,"column":3},"end":{"line":114,"column":null}},"49":{"start":{"line":112,"column":4},"end":{"line":112,"column":21}},"50":{"start":{"line":113,"column":4},"end":{"line":113,"column":17}},"51":{"start":{"line":115,"column":3},"end":{"line":115,"column":15}},"52":{"start":{"line":118,"column":2},"end":{"line":118,"column":15}},"53":{"start":{"line":121,"column":0},"end":{"line":149,"column":3}},"54":{"start":{"line":121,"column":66},"end":{"line":149,"column":2}},"55":{"start":{"line":122,"column":1},"end":{"line":148,"column":2}},"56":{"start":{"line":123,"column":14},"end":{"line":123,"column":36}},"57":{"start":{"line":124,"column":2},"end":{"line":124,"column":24}},"58":{"start":{"line":125,"column":16},"end":{"line":125,"column":31}},"59":{"start":{"line":126,"column":2},"end":{"line":131,"column":3}},"60":{"start":{"line":127,"column":3},"end":{"line":127,"column":30}},"61":{"start":{"line":130,"column":3},"end":{"line":130,"column":36}},"62":{"start":{"line":133,"column":2},"end":{"line":145,"column":3}},"63":{"start":{"line":134,"column":23},"end":{"line":134,"column":50}},"64":{"start":{"line":135,"column":3},"end":{"line":138,"column":6}},"65":{"start":{"line":141,"column":3},"end":{"line":144,"column":6}},"66":{"start":{"line":147,"column":2},"end":{"line":147,"column":29}},"67":{"start":{"line":153,"column":0},"end":{"line":190,"column":3}},"68":{"start":{"line":153,"column":67},"end":{"line":190,"column":2}},"69":{"start":{"line":154,"column":1},"end":{"line":189,"column":2}},"70":{"start":{"line":155,"column":16},"end":{"line":155,"column":31}},"71":{"start":{"line":156,"column":11},"end":{"line":156,"column":24}},"72":{"start":{"line":157,"column":2},"end":{"line":183,"column":3}},"73":{"start":{"line":158,"column":20},"end":{"line":158,"column":52}},"74":{"start":{"line":159,"column":3},"end":{"line":161,"column":4}},"75":{"start":{"line":160,"column":4},"end":{"line":160,"column":32}},"76":{"start":{"line":162,"column":3},"end":{"line":164,"column":4}},"77":{"start":{"line":163,"column":4},"end":{"line":163,"column":44}},"78":{"start":{"line":165,"column":3},"end":{"line":167,"column":4}},"79":{"start":{"line":166,"column":4},"end":{"line":166,"column":36}},"80":{"start":{"line":168,"column":3},"end":{"line":171,"column":4}},"81":{"start":{"line":169,"column":4},"end":{"line":169,"column":31}},"82":{"start":{"line":170,"column":4},"end":{"line":170,"column":37}},"83":{"start":{"line":172,"column":3},"end":{"line":172,"column":15}},"84":{"start":{"line":173,"column":3},"end":{"line":176,"column":null}},"85":{"start":{"line":179,"column":3},"end":{"line":182,"column":6}},"86":{"start":{"line":185,"column":2},"end":{"line":188,"column":5}},"87":{"start":{"line":192,"column":0},"end":{"line":192,"column":26}}},"fnMap":{"0":{"name":"validateBlog","decl":{"start":{"line":12,"column":9},"end":{"line":12,"column":21}},"loc":{"start":{"line":12,"column":33},"end":{"line":19,"column":1}}},"1":{"name":"(anonymous_9)","decl":{"start":{"line":39,"column":20},"end":{"line":39,"column":27}},"loc":{"start":{"line":39,"column":58},"end":{"line":52,"column":2}}},"2":{"name":"(anonymous_10)","decl":{"start":{"line":39,"column":58},"end":{"line":39,"column":null}},"loc":{"start":{"line":39,"column":58},"end":{"line":52,"column":1}}},"3":{"name":"(anonymous_11)","decl":{"start":{"line":56,"column":23},"end":{"line":56,"column":30}},"loc":{"start":{"line":56,"column":61},"end":{"line":69,"column":2}}},"4":{"name":"(anonymous_12)","decl":{"start":{"line":56,"column":61},"end":{"line":56,"column":null}},"loc":{"start":{"line":56,"column":61},"end":{"line":69,"column":1}}},"5":{"name":"(anonymous_13)","decl":{"start":{"line":75,"column":34},"end":{"line":75,"column":40}},"loc":{"start":{"line":75,"column":70},"end":{"line":99,"column":2}}},"6":{"name":"(anonymous_14)","decl":{"start":{"line":75,"column":70},"end":{"line":75,"column":null}},"loc":{"start":{"line":75,"column":70},"end":{"line":99,"column":1}}},"7":{"name":"uploadFile","decl":{"start":{"line":103,"column":9},"end":{"line":103,"column":19}},"loc":{"start":{"line":103,"column":32},"end":{"line":119,"column":1}}},"8":{"name":"(anonymous_16)","decl":{"start":{"line":111,"column":40},"end":{"line":111,"column":41}},"loc":{"start":{"line":111,"column":51},"end":{"line":114,"column":4}}},"9":{"name":"(anonymous_17)","decl":{"start":{"line":121,"column":28},"end":{"line":121,"column":35}},"loc":{"start":{"line":121,"column":66},"end":{"line":149,"column":2}}},"10":{"name":"(anonymous_18)","decl":{"start":{"line":121,"column":66},"end":{"line":121,"column":null}},"loc":{"start":{"line":121,"column":66},"end":{"line":149,"column":1}}},"11":{"name":"(anonymous_19)","decl":{"start":{"line":153,"column":31},"end":{"line":153,"column":37}},"loc":{"start":{"line":153,"column":67},"end":{"line":190,"column":2}}},"12":{"name":"(anonymous_20)","decl":{"start":{"line":153,"column":67},"end":{"line":153,"column":null}},"loc":{"start":{"line":153,"column":67},"end":{"line":190,"column":1}}}},"branchMap":{"0":{"loc":{"start":{"line":77,"column":2},"end":{"line":95,"column":4}},"type":"if","locations":[{"start":{"line":77,"column":2},"end":{"line":95,"column":4}}]},"1":{"loc":{"start":{"line":81,"column":4},"end":{"line":83,"column":5}},"type":"if","locations":[{"start":{"line":81,"column":4},"end":{"line":83,"column":5}}]},"2":{"loc":{"start":{"line":84,"column":4},"end":{"line":94,"column":5}},"type":"if","locations":[{"start":{"line":84,"column":4},"end":{"line":94,"column":5}},{"start":{"line":89,"column":11},"end":{"line":94,"column":5}}]},"3":{"loc":{"start":{"line":104,"column":1},"end":{"line":117,"column":2}},"type":"if","locations":[{"start":{"line":104,"column":1},"end":{"line":117,"column":2}}]},"4":{"loc":{"start":{"line":104,"column":4},"end":{"line":104,"column":34}},"type":"binary-expr","locations":[{"start":{"line":104,"column":4},"end":{"line":104,"column":13}},{"start":{"line":104,"column":17},"end":{"line":104,"column":34}}]},"5":{"loc":{"start":{"line":108,"column":2},"end":{"line":116,"column":3}},"type":"if","locations":[{"start":{"line":108,"column":2},"end":{"line":116,"column":3}}]},"6":{"loc":{"start":{"line":126,"column":2},"end":{"line":131,"column":3}},"type":"if","locations":[{"start":{"line":126,"column":2},"end":{"line":131,"column":3}},{"start":{"line":129,"column":6},"end":{"line":131,"column":3}}]},"7":{"loc":{"start":{"line":133,"column":2},"end":{"line":145,"column":3}},"type":"if","locations":[{"start":{"line":133,"column":2},"end":{"line":145,"column":3}},{"start":{"line":140,"column":6},"end":{"line":145,"column":3}}]},"8":{"loc":{"start":{"line":157,"column":2},"end":{"line":183,"column":3}},"type":"if","locations":[{"start":{"line":157,"column":2},"end":{"line":183,"column":3}},{"start":{"line":178,"column":6},"end":{"line":183,"column":3}}]},"9":{"loc":{"start":{"line":159,"column":3},"end":{"line":161,"column":4}},"type":"if","locations":[{"start":{"line":159,"column":3},"end":{"line":161,"column":4}}]},"10":{"loc":{"start":{"line":159,"column":6},"end":{"line":159,"column":49}},"type":"binary-expr","locations":[{"start":{"line":159,"column":6},"end":{"line":159,"column":20}},{"start":{"line":159,"column":24},"end":{"line":159,"column":49}}]},"11":{"loc":{"start":{"line":162,"column":3},"end":{"line":164,"column":4}},"type":"if","locations":[{"start":{"line":162,"column":3},"end":{"line":164,"column":4}}]},"12":{"loc":{"start":{"line":162,"column":6},"end":{"line":162,"column":61}},"type":"binary-expr","locations":[{"start":{"line":162,"column":6},"end":{"line":162,"column":26}},{"start":{"line":162,"column":30},"end":{"line":162,"column":61}}]},"13":{"loc":{"start":{"line":165,"column":3},"end":{"line":167,"column":4}},"type":"if","locations":[{"start":{"line":165,"column":3},"end":{"line":167,"column":4}}]},"14":{"loc":{"start":{"line":165,"column":6},"end":{"line":165,"column":53}},"type":"binary-expr","locations":[{"start":{"line":165,"column":6},"end":{"line":165,"column":22}},{"start":{"line":165,"column":26},"end":{"line":165,"column":53}}]},"15":{"loc":{"start":{"line":168,"column":3},"end":{"line":171,"column":4}},"type":"if","locations":[{"start":{"line":168,"column":3},"end":{"line":171,"column":4}}]}},"s":{"0":1,"1":1,"2":1,"3":1,"4":1,"5":1,"6":1,"7":1,"8":1,"9":3,"10":3,"11":1,"12":1,"13":1,"14":1,"15":1,"16":1,"17":1,"18":2,"19":2,"20":2,"21":2,"22":0,"23":1,"24":2,"25":2,"26":2,"27":1,"28":1,"29":1,"30":2,"31":2,"32":2,"33":2,"34":2,"35":2,"36":2,"37":2,"38":2,"39":1,"40":1,"41":6,"42":0,"43":0,"44":0,"45":0,"46":0,"47":0,"48":0,"49":0,"50":0,"51":0,"52":6,"53":1,"54":3,"55":3,"56":3,"57":3,"58":3,"59":3,"60":0,"61":3,"62":3,"63":2,"64":2,"65":1,"66":0,"67":1,"68":3,"69":3,"70":3,"71":3,"72":3,"73":1,"74":1,"75":1,"76":1,"77":1,"78":1,"79":1,"80":1,"81":0,"82":0,"83":1,"84":1,"85":1,"86":1,"87":1},"f":{"0":3,"1":2,"2":2,"3":2,"4":2,"5":2,"6":2,"7":6,"8":0,"9":3,"10":3,"11":3,"12":3},"b":{"0":[2],"1":[2],"2":[1,1],"3":[0],"4":[6,0],"5":[0],"6":[0,3],"7":[2,1],"8":[1,1],"9":[1],"10":[1,1],"11":[1],"12":[1,1],"13":[1],"14":[1,1],"15":[0]}}
,"/home/kibongo/dev/express/src/routes/comments.ts": {"path":"/home/kibongo/dev/express/src/routes/comments.ts","statementMap":{"0":{"start":{"line":2,"column":0},"end":{"line":2,"column":57}},"1":{"start":{"line":3,"column":0},"end":{"line":3,"column":72}},"2":{"start":{"line":4,"column":0},"end":{"line":4,"column":22}},"3":{"start":{"line":5,"column":0},"end":{"line":5,"column":40}},"4":{"start":{"line":6,"column":0},"end":{"line":6,"column":40}},"5":{"start":{"line":7,"column":0},"end":{"line":7,"column":32}},"6":{"start":{"line":8,"column":0},"end":{"line":8,"column":24}},"7":{"start":{"line":10,"column":29},"end":{"line":10,"column":45}},"8":{"start":{"line":12,"column":0},"end":{"line":12,"column":25}},"9":{"start":{"line":13,"column":0},"end":{"line":13,"column":33}},"10":{"start":{"line":14,"column":0},"end":{"line":16,"column":null}},"11":{"start":{"line":19,"column":17},"end":{"line":23,"column":6}},"12":{"start":{"line":24,"column":4},"end":{"line":24,"column":33}},"13":{"start":{"line":29,"column":1},"end":{"line":29,"column":31}},"14":{"start":{"line":34,"column":0},"end":{"line":40,"column":3}},"15":{"start":{"line":34,"column":60},"end":{"line":40,"column":2}},"16":{"start":{"line":35,"column":16},"end":{"line":35,"column":38}},"17":{"start":{"line":36,"column":1},"end":{"line":39,"column":7}},"18":{"start":{"line":45,"column":0},"end":{"line":59,"column":3}},"19":{"start":{"line":45,"column":63},"end":{"line":59,"column":2}},"20":{"start":{"line":46,"column":4},"end":{"line":58,"column":5}},"21":{"start":{"line":47,"column":18},"end":{"line":47,"column":31}},"22":{"start":{"line":48,"column":23},"end":{"line":48,"column":56}},"23":{"start":{"line":49,"column":8},"end":{"line":52,"column":7}},"24":{"start":{"line":54,"column":8},"end":{"line":57,"column":11}},"25":{"start":{"line":63,"column":0},"end":{"line":89,"column":3}},"26":{"start":{"line":63,"column":70},"end":{"line":89,"column":2}},"27":{"start":{"line":64,"column":13},"end":{"line":64,"column":26}},"28":{"start":{"line":65,"column":4},"end":{"line":88,"column":5}},"29":{"start":{"line":66,"column":39},"end":{"line":66,"column":65}},"30":{"start":{"line":67,"column":8},"end":{"line":81,"column":9}},"31":{"start":{"line":68,"column":12},"end":{"line":68,"column":49}},"32":{"start":{"line":69,"column":25},"end":{"line":69,"column":41}},"33":{"start":{"line":70,"column":12},"end":{"line":70,"column":27}},"34":{"start":{"line":71,"column":12},"end":{"line":74,"column":15}},"35":{"start":{"line":77,"column":12},"end":{"line":80,"column":15}},"36":{"start":{"line":84,"column":12},"end":{"line":87,"column":15}},"37":{"start":{"line":94,"column":0},"end":{"line":122,"column":3}},"38":{"start":{"line":94,"column":74},"end":{"line":122,"column":2}},"39":{"start":{"line":95,"column":4},"end":{"line":121,"column":5}},"40":{"start":{"line":96,"column":24},"end":{"line":96,"column":37}},"41":{"start":{"line":97,"column":8},"end":{"line":117,"column":9}},"42":{"start":{"line":98,"column":22},"end":{"line":98,"column":64}},"43":{"start":{"line":99,"column":12},"end":{"line":110,"column":13}},"44":{"start":{"line":100,"column":16},"end":{"line":103,"column":19}},"45":{"start":{"line":106,"column":16},"end":{"line":109,"column":19}},"46":{"start":{"line":113,"column":12},"end":{"line":116,"column":15}},"47":{"start":{"line":120,"column":8},"end":{"line":120,"column":76}},"48":{"start":{"line":126,"column":1},"end":{"line":131,"column":27}},"49":{"start":{"line":133,"column":0},"end":{"line":162,"column":null}},"50":{"start":{"line":133,"column":59},"end":{"line":162,"column":2}},"51":{"start":{"line":134,"column":16},"end":{"line":134,"column":41}},"52":{"start":{"line":135,"column":4},"end":{"line":161,"column":5}},"53":{"start":{"line":136,"column":8},"end":{"line":139,"column":11}},"54":{"start":{"line":142,"column":21},"end":{"line":142,"column":36}},"55":{"start":{"line":143,"column":8},"end":{"line":143,"column":56}},"56":{"start":{"line":144,"column":8},"end":{"line":144,"column":58}},"57":{"start":{"line":145,"column":8},"end":{"line":160,"column":9}},"58":{"start":{"line":146,"column":12},"end":{"line":156,"column":13}},"59":{"start":{"line":147,"column":33},"end":{"line":147,"column":63}},"60":{"start":{"line":148,"column":16},"end":{"line":152,"column":19}},"61":{"start":{"line":155,"column":16},"end":{"line":155,"column":66}},"62":{"start":{"line":159,"column":12},"end":{"line":159,"column":62}},"63":{"start":{"line":164,"column":0},"end":{"line":164,"column":28}}},"fnMap":{"0":{"name":"validateComment","decl":{"start":{"line":18,"column":9},"end":{"line":18,"column":24}},"loc":{"start":{"line":18,"column":34},"end":{"line":25,"column":1}}},"1":{"name":"(anonymous_9)","decl":{"start":{"line":34,"column":22},"end":{"line":34,"column":29}},"loc":{"start":{"line":34,"column":60},"end":{"line":40,"column":2}}},"2":{"name":"(anonymous_10)","decl":{"start":{"line":34,"column":60},"end":{"line":34,"column":null}},"loc":{"start":{"line":34,"column":60},"end":{"line":40,"column":1}}},"3":{"name":"(anonymous_11)","decl":{"start":{"line":45,"column":25},"end":{"line":45,"column":32}},"loc":{"start":{"line":45,"column":63},"end":{"line":59,"column":2}}},"4":{"name":"(anonymous_12)","decl":{"start":{"line":45,"column":63},"end":{"line":45,"column":null}},"loc":{"start":{"line":45,"column":63},"end":{"line":59,"column":1}}},"5":{"name":"(anonymous_13)","decl":{"start":{"line":63,"column":34},"end":{"line":63,"column":40}},"loc":{"start":{"line":63,"column":70},"end":{"line":89,"column":2}}},"6":{"name":"(anonymous_14)","decl":{"start":{"line":63,"column":70},"end":{"line":63,"column":null}},"loc":{"start":{"line":63,"column":70},"end":{"line":89,"column":1}}},"7":{"name":"(anonymous_15)","decl":{"start":{"line":94,"column":36},"end":{"line":94,"column":43}},"loc":{"start":{"line":94,"column":74},"end":{"line":122,"column":2}}},"8":{"name":"(anonymous_16)","decl":{"start":{"line":94,"column":74},"end":{"line":94,"column":null}},"loc":{"start":{"line":94,"column":74},"end":{"line":122,"column":1}}},"9":{"name":"escapeHtml","decl":{"start":{"line":125,"column":9},"end":{"line":125,"column":19}},"loc":{"start":{"line":125,"column":32},"end":{"line":132,"column":1}}},"10":{"name":"(anonymous_18)","decl":{"start":{"line":133,"column":23},"end":{"line":133,"column":29}},"loc":{"start":{"line":133,"column":59},"end":{"line":162,"column":2}}},"11":{"name":"(anonymous_19)","decl":{"start":{"line":133,"column":59},"end":{"line":133,"column":null}},"loc":{"start":{"line":133,"column":59},"end":{"line":162,"column":1}}}},"branchMap":{"0":{"loc":{"start":{"line":67,"column":8},"end":{"line":81,"column":9}},"type":"if","locations":[{"start":{"line":67,"column":8},"end":{"line":81,"column":9}},{"start":{"line":76,"column":12},"end":{"line":81,"column":9}}]},"1":{"loc":{"start":{"line":73,"column":38},"end":{"line":73,"column":66}},"type":"cond-expr","locations":[{"start":{"line":73,"column":47},"end":{"line":73,"column":57}},{"start":{"line":73,"column":58},"end":{"line":73,"column":66}}]},"2":{"loc":{"start":{"line":95,"column":4},"end":{"line":121,"column":5}},"type":"if","locations":[{"start":{"line":95,"column":4},"end":{"line":121,"column":5}},{"start":{"line":119,"column":8},"end":{"line":121,"column":5}}]},"3":{"loc":{"start":{"line":99,"column":12},"end":{"line":110,"column":13}},"type":"if","locations":[{"start":{"line":99,"column":12},"end":{"line":110,"column":13}},{"start":{"line":105,"column":16},"end":{"line":110,"column":13}}]},"4":{"loc":{"start":{"line":135,"column":4},"end":{"line":161,"column":5}},"type":"if","locations":[{"start":{"line":135,"column":4},"end":{"line":161,"column":5}},{"start":{"line":141,"column":8},"end":{"line":161,"column":5}}]},"5":{"loc":{"start":{"line":146,"column":12},"end":{"line":156,"column":13}},"type":"if","locations":[{"start":{"line":146,"column":12},"end":{"line":156,"column":13}},{"start":{"line":154,"column":16},"end":{"line":156,"column":13}}]}},"s":{"0":1,"1":1,"2":1,"3":1,"4":1,"5":1,"6":1,"7":1,"8":1,"9":1,"10":1,"11":2,"12":2,"13":1,"14":1,"15":2,"16":2,"17":2,"18":1,"19":1,"20":1,"21":1,"22":1,"23":1,"24":0,"25":1,"26":0,"27":0,"28":0,"29":0,"30":0,"31":0,"32":0,"33":0,"34":0,"35":0,"36":0,"37":1,"38":3,"39":3,"40":3,"41":3,"42":3,"43":2,"44":1,"45":1,"46":1,"47":0,"48":4,"49":1,"50":2,"51":2,"52":2,"53":0,"54":2,"55":2,"56":2,"57":2,"58":2,"59":1,"60":1,"61":0,"62":1,"63":1},"f":{"0":2,"1":2,"2":2,"3":1,"4":1,"5":0,"6":0,"7":3,"8":3,"9":4,"10":2,"11":2},"b":{"0":[0,0],"1":[0,0],"2":[3,0],"3":[1,1],"4":[0,2],"5":[1,0]}}
,"/home/kibongo/dev/express/src/routes/invalidJson.ts": {"path":"/home/kibongo/dev/express/src/routes/invalidJson.ts","statementMap":{"0":{"start":{"line":6,"column":1},"end":{"line":9,"column":2}},"1":{"start":{"line":7,"column":2},"end":{"line":7,"column":21}},"2":{"start":{"line":8,"column":2},"end":{"line":8,"column":71}},"3":{"start":{"line":10,"column":1},"end":{"line":10,"column":8}},"4":{"start":{"line":13,"column":0},"end":{"line":13,"column":27}}},"fnMap":{"0":{"name":"invalidJson","decl":{"start":{"line":5,"column":9},"end":{"line":5,"column":20}},"loc":{"start":{"line":5,"column":80},"end":{"line":11,"column":1}}}},"branchMap":{"0":{"loc":{"start":{"line":6,"column":1},"end":{"line":9,"column":2}},"type":"if","locations":[{"start":{"line":6,"column":1},"end":{"line":9,"column":2}}]},"1":{"loc":{"start":{"line":6,"column":5},"end":{"line":6,"column":25}},"type":"binary-expr","locations":[{"start":{"line":6,"column":5},"end":{"line":6,"column":8}},{"start":{"line":6,"column":12},"end":{"line":6,"column":25}}]}},"s":{"0":0,"1":0,"2":0,"3":0,"4":1},"f":{"0":0},"b":{"0":[0],"1":[0,0]}}
,"/home/kibongo/dev/express/src/routes/isAdmin.ts": {"path":"/home/kibongo/dev/express/src/routes/isAdmin.ts","statementMap":{"0":{"start":{"line":2,"column":0},"end":{"line":2,"column":28}},"1":{"start":{"line":3,"column":0},"end":{"line":3,"column":30}},"2":{"start":{"line":5,"column":0},"end":{"line":5,"column":16}},"3":{"start":{"line":8,"column":4},"end":{"line":29,"column":5}},"4":{"start":{"line":9,"column":8},"end":{"line":22,"column":9}},"5":{"start":{"line":10,"column":24},"end":{"line":10,"column":63}},"6":{"start":{"line":11,"column":12},"end":{"line":16,"column":13}},"7":{"start":{"line":12,"column":16},"end":{"line":15,"column":19}},"8":{"start":{"line":17,"column":12},"end":{"line":17,"column":19}},"9":{"start":{"line":20,"column":12},"end":{"line":20,"column":40}},"10":{"start":{"line":21,"column":12},"end":{"line":21,"column":79}},"11":{"start":{"line":25,"column":8},"end":{"line":28,"column":11}},"12":{"start":{"line":32,"column":0},"end":{"line":32,"column":23}}},"fnMap":{"0":{"name":"isAdmin","decl":{"start":{"line":7,"column":9},"end":{"line":7,"column":16}},"loc":{"start":{"line":7,"column":62},"end":{"line":30,"column":1}}}},"branchMap":{"0":{"loc":{"start":{"line":9,"column":8},"end":{"line":22,"column":9}},"type":"if","locations":[{"start":{"line":9,"column":8},"end":{"line":22,"column":9}},{"start":{"line":19,"column":12},"end":{"line":22,"column":9}}]},"1":{"loc":{"start":{"line":11,"column":12},"end":{"line":16,"column":13}},"type":"if","locations":[{"start":{"line":11,"column":12},"end":{"line":16,"column":13}}]}},"s":{"0":1,"1":1,"2":1,"3":20,"4":20,"5":19,"6":19,"7":0,"8":18,"9":1,"10":1,"11":1,"12":1},"f":{"0":20},"b":{"0":[19,1],"1":[0]}}
,"/home/kibongo/dev/express/src/routes/login.ts": {"path":"/home/kibongo/dev/express/src/routes/login.ts","statementMap":{"0":{"start":{"line":1,"column":0},"end":{"line":1,"column":52}},"1":{"start":{"line":2,"column":0},"end":{"line":2,"column":75}},"2":{"start":{"line":3,"column":0},"end":{"line":3,"column":22}},"3":{"start":{"line":4,"column":0},"end":{"line":4,"column":28}},"4":{"start":{"line":5,"column":0},"end":{"line":5,"column":28}},"5":{"start":{"line":6,"column":0},"end":{"line":6,"column":40}},"6":{"start":{"line":7,"column":0},"end":{"line":7,"column":24}},"7":{"start":{"line":9,"column":0},"end":{"line":9,"column":null}},"8":{"start":{"line":11,"column":27},"end":{"line":11,"column":43}},"9":{"start":{"line":13,"column":0},"end":{"line":13,"column":23}},"10":{"start":{"line":14,"column":0},"end":{"line":14,"column":31}},"11":{"start":{"line":15,"column":0},"end":{"line":17,"column":null}},"12":{"start":{"line":21,"column":0},"end":{"line":21,"column":28}},"13":{"start":{"line":31,"column":17},"end":{"line":34,"column":6}},"14":{"start":{"line":35,"column":4},"end":{"line":35,"column":33}},"15":{"start":{"line":38,"column":0},"end":{"line":80,"column":3}},"16":{"start":{"line":39,"column":4},"end":{"line":79,"column":5}},"17":{"start":{"line":40,"column":8},"end":{"line":72,"column":9}},"18":{"start":{"line":41,"column":24},"end":{"line":41,"column":46}},"19":{"start":{"line":42,"column":12},"end":{"line":47,"column":13}},"20":{"start":{"line":43,"column":16},"end":{"line":46,"column":19}},"21":{"start":{"line":48,"column":27},"end":{"line":48,"column":44}},"22":{"start":{"line":49,"column":27},"end":{"line":49,"column":52}},"23":{"start":{"line":50,"column":32},"end":{"line":50,"column":69}},"24":{"start":{"line":51,"column":41},"end":{"line":51,"column":120}},"25":{"start":{"line":51,"column":61},"end":{"line":51,"column":119}},"26":{"start":{"line":52,"column":12},"end":{"line":71,"column":13}},"27":{"start":{"line":53,"column":42},"end":{"line":56,"column":18}},"28":{"start":{"line":57,"column":28},"end":{"line":59,"column":18}},"29":{"start":{"line":60,"column":16},"end":{"line":64,"column":19}},"30":{"start":{"line":67,"column":16},"end":{"line":70,"column":null}},"31":{"start":{"line":75,"column":8},"end":{"line":78,"column":11}},"32":{"start":{"line":82,"column":0},"end":{"line":82,"column":26}}},"fnMap":{"0":{"name":"validateUser","decl":{"start":{"line":30,"column":9},"end":{"line":30,"column":21}},"loc":{"start":{"line":30,"column":34},"end":{"line":36,"column":1}}},"1":{"name":"(anonymous_2)","decl":{"start":{"line":38,"column":20},"end":{"line":38,"column":21}},"loc":{"start":{"line":38,"column":51},"end":{"line":80,"column":1}}},"2":{"name":"(anonymous_3)","decl":{"start":{"line":51,"column":52},"end":{"line":51,"column":57}},"loc":{"start":{"line":51,"column":61},"end":{"line":51,"column":119}}}},"branchMap":{"0":{"loc":{"start":{"line":40,"column":8},"end":{"line":72,"column":9}},"type":"if","locations":[{"start":{"line":40,"column":8},"end":{"line":72,"column":9}}]},"1":{"loc":{"start":{"line":42,"column":12},"end":{"line":47,"column":13}},"type":"if","locations":[{"start":{"line":42,"column":12},"end":{"line":47,"column":13}}]},"2":{"loc":{"start":{"line":50,"column":43},"end":{"line":50,"column":68}},"type":"binary-expr","locations":[{"start":{"line":50,"column":43},"end":{"line":50,"column":60}},{"start":{"line":50,"column":64},"end":{"line":50,"column":68}}]},"3":{"loc":{"start":{"line":51,"column":61},"end":{"line":51,"column":119}},"type":"binary-expr","locations":[{"start":{"line":51,"column":61},"end":{"line":51,"column":88}},{"start":{"line":51,"column":92},"end":{"line":51,"column":119}}]},"4":{"loc":{"start":{"line":52,"column":12},"end":{"line":71,"column":13}},"type":"if","locations":[{"start":{"line":52,"column":12},"end":{"line":71,"column":13}},{"start":{"line":66,"column":16},"end":{"line":71,"column":13}}]}},"s":{"0":1,"1":1,"2":1,"3":1,"4":1,"5":1,"6":1,"7":1,"8":1,"9":1,"10":1,"11":1,"12":1,"13":2,"14":2,"15":1,"16":2,"17":2,"18":2,"19":2,"20":1,"21":1,"22":1,"23":1,"24":1,"25":1,"26":1,"27":1,"28":1,"29":1,"30":0,"31":0,"32":1},"f":{"0":2,"1":2,"2":1},"b":{"0":[2],"1":[1],"2":[1,0],"3":[1,1],"4":[1,0]}}
,"/home/kibongo/dev/express/src/routes/messages.ts": {"path":"/home/kibongo/dev/express/src/routes/messages.ts","statementMap":{"0":{"start":{"line":2,"column":0},"end":{"line":2,"column":75}},"1":{"start":{"line":3,"column":0},"end":{"line":3,"column":22}},"2":{"start":{"line":4,"column":0},"end":{"line":4,"column":59}},"3":{"start":{"line":5,"column":0},"end":{"line":5,"column":32}},"4":{"start":{"line":6,"column":0},"end":{"line":6,"column":40}},"5":{"start":{"line":7,"column":0},"end":{"line":7,"column":24}},"6":{"start":{"line":11,"column":28},"end":{"line":11,"column":44}},"7":{"start":{"line":14,"column":0},"end":{"line":14,"column":26}},"8":{"start":{"line":15,"column":0},"end":{"line":15,"column":34}},"9":{"start":{"line":16,"column":0},"end":{"line":18,"column":4}},"10":{"start":{"line":23,"column":14},"end":{"line":27,"column":3}},"11":{"start":{"line":28,"column":1},"end":{"line":28,"column":33}},"12":{"start":{"line":34,"column":1},"end":{"line":34,"column":32}},"13":{"start":{"line":38,"column":1},"end":{"line":43,"column":27}},"14":{"start":{"line":46,"column":0},"end":{"line":64,"column":3}},"15":{"start":{"line":46,"column":62},"end":{"line":64,"column":2}},"16":{"start":{"line":47,"column":13},"end":{"line":47,"column":38}},"17":{"start":{"line":48,"column":1},"end":{"line":63,"column":2}},"18":{"start":{"line":49,"column":2},"end":{"line":52,"column":5}},"19":{"start":{"line":54,"column":2},"end":{"line":54,"column":44}},"20":{"start":{"line":55,"column":2},"end":{"line":55,"column":46}},"21":{"start":{"line":56,"column":2},"end":{"line":56,"column":50}},"22":{"start":{"line":57,"column":26},"end":{"line":57,"column":56}},"23":{"start":{"line":58,"column":2},"end":{"line":62,"column":5}},"24":{"start":{"line":68,"column":0},"end":{"line":80,"column":3}},"25":{"start":{"line":68,"column":70},"end":{"line":80,"column":2}},"26":{"start":{"line":69,"column":28},"end":{"line":69,"column":50}},"27":{"start":{"line":70,"column":1},"end":{"line":75,"column":2}},"28":{"start":{"line":71,"column":2},"end":{"line":74,"column":5}},"29":{"start":{"line":76,"column":1},"end":{"line":79,"column":4}},"30":{"start":{"line":84,"column":0},"end":{"line":96,"column":3}},"31":{"start":{"line":84,"column":75},"end":{"line":96,"column":2}},"32":{"start":{"line":85,"column":13},"end":{"line":85,"column":26}},"33":{"start":{"line":86,"column":4},"end":{"line":95,"column":5}},"34":{"start":{"line":87,"column":8},"end":{"line":94,"column":9}},"35":{"start":{"line":88,"column":12},"end":{"line":88,"column":84}},"36":{"start":{"line":91,"column":12},"end":{"line":93,"column":67}},"37":{"start":{"line":99,"column":0},"end":{"line":103,"column":3}},"38":{"start":{"line":100,"column":1},"end":{"line":102,"column":4}},"39":{"start":{"line":105,"column":0},"end":{"line":105,"column":29}}},"fnMap":{"0":{"name":"validateMessage","decl":{"start":{"line":22,"column":9},"end":{"line":22,"column":24}},"loc":{"start":{"line":22,"column":40},"end":{"line":29,"column":1}}},"1":{"name":"escapeHtml","decl":{"start":{"line":37,"column":9},"end":{"line":37,"column":19}},"loc":{"start":{"line":37,"column":32},"end":{"line":44,"column":1}}},"2":{"name":"(anonymous_10)","decl":{"start":{"line":46,"column":24},"end":{"line":46,"column":31}},"loc":{"start":{"line":46,"column":62},"end":{"line":64,"column":2}}},"3":{"name":"(anonymous_11)","decl":{"start":{"line":46,"column":62},"end":{"line":46,"column":null}},"loc":{"start":{"line":46,"column":62},"end":{"line":64,"column":1}}},"4":{"name":"(anonymous_12)","decl":{"start":{"line":68,"column":32},"end":{"line":68,"column":39}},"loc":{"start":{"line":68,"column":70},"end":{"line":80,"column":2}}},"5":{"name":"(anonymous_13)","decl":{"start":{"line":68,"column":70},"end":{"line":68,"column":null}},"loc":{"start":{"line":68,"column":70},"end":{"line":80,"column":1}}},"6":{"name":"(anonymous_14)","decl":{"start":{"line":84,"column":37},"end":{"line":84,"column":44}},"loc":{"start":{"line":84,"column":75},"end":{"line":96,"column":2}}},"7":{"name":"(anonymous_15)","decl":{"start":{"line":84,"column":75},"end":{"line":84,"column":null}},"loc":{"start":{"line":84,"column":75},"end":{"line":96,"column":1}}},"8":{"name":"(anonymous_16)","decl":{"start":{"line":99,"column":23},"end":{"line":99,"column":24}},"loc":{"start":{"line":99,"column":55},"end":{"line":103,"column":1}}}},"branchMap":{"0":{"loc":{"start":{"line":48,"column":1},"end":{"line":63,"column":2}},"type":"if","locations":[{"start":{"line":48,"column":1},"end":{"line":63,"column":2}},{"start":{"line":53,"column":8},"end":{"line":63,"column":2}}]},"1":{"loc":{"start":{"line":70,"column":1},"end":{"line":75,"column":2}},"type":"if","locations":[{"start":{"line":70,"column":1},"end":{"line":75,"column":2}}]},"2":{"loc":{"start":{"line":86,"column":4},"end":{"line":95,"column":5}},"type":"if","locations":[{"start":{"line":86,"column":4},"end":{"line":95,"column":5}}]},"3":{"loc":{"start":{"line":87,"column":8},"end":{"line":94,"column":9}},"type":"if","locations":[{"start":{"line":87,"column":8},"end":{"line":94,"column":9}},{"start":{"line":90,"column":12},"end":{"line":94,"column":9}}]}},"s":{"0":1,"1":1,"2":1,"3":1,"4":1,"5":1,"6":1,"7":1,"8":1,"9":1,"10":2,"11":2,"12":1,"13":3,"14":1,"15":2,"16":2,"17":2,"18":1,"19":1,"20":1,"21":1,"22":1,"23":1,"24":1,"25":2,"26":2,"27":2,"28":0,"29":2,"30":1,"31":2,"32":2,"33":2,"34":2,"35":1,"36":1,"37":1,"38":0,"39":1},"f":{"0":2,"1":3,"2":2,"3":2,"4":2,"5":2,"6":2,"7":2,"8":0},"b":{"0":[1,1],"1":[0],"2":[2],"3":[1,1]}}
,"/home/kibongo/dev/express/src/routes/profile.ts": {"path":"/home/kibongo/dev/express/src/routes/profile.ts","statementMap":{"0":{"start":{"line":1,"column":0},"end":{"line":1,"column":80}},"1":{"start":{"line":2,"column":0},"end":{"line":2,"column":57}},"2":{"start":{"line":3,"column":0},"end":{"line":3,"column":60}},"3":{"start":{"line":4,"column":0},"end":{"line":4,"column":34}},"4":{"start":{"line":5,"column":0},"end":{"line":5,"column":32}},"5":{"start":{"line":6,"column":0},"end":{"line":6,"column":32}},"6":{"start":{"line":7,"column":0},"end":{"line":7,"column":24}},"7":{"start":{"line":9,"column":29},"end":{"line":9,"column":45}},"8":{"start":{"line":12,"column":0},"end":{"line":12,"column":25}},"9":{"start":{"line":14,"column":0},"end":{"line":18,"column":2}},"10":{"start":{"line":19,"column":0},"end":{"line":19,"column":33}},"11":{"start":{"line":20,"column":0},"end":{"line":20,"column":31}},"12":{"start":{"line":22,"column":18},"end":{"line":22,"column":40}},"13":{"start":{"line":23,"column":16},"end":{"line":35,"column":14}},"14":{"start":{"line":39,"column":0},"end":{"line":54,"column":null}},"15":{"start":{"line":39,"column":58},"end":{"line":54,"column":2}},"16":{"start":{"line":40,"column":30},"end":{"line":40,"column":52}},"17":{"start":{"line":41,"column":4},"end":{"line":53,"column":5}},"18":{"start":{"line":42,"column":25},"end":{"line":42,"column":38}},"19":{"start":{"line":43,"column":8},"end":{"line":43,"column":37}},"20":{"start":{"line":44,"column":8},"end":{"line":44,"column":41}},"21":{"start":{"line":45,"column":8},"end":{"line":45,"column":26}},"22":{"start":{"line":46,"column":8},"end":{"line":49,"column":7}},"23":{"start":{"line":52,"column":8},"end":{"line":52,"column":26}},"24":{"start":{"line":58,"column":17},"end":{"line":60,"column":6}},"25":{"start":{"line":61,"column":4},"end":{"line":61,"column":33}},"26":{"start":{"line":64,"column":0},"end":{"line":127,"column":null}},"27":{"start":{"line":64,"column":67},"end":{"line":127,"column":2}},"28":{"start":{"line":65,"column":14},"end":{"line":65,"column":42}},"29":{"start":{"line":66,"column":4},"end":{"line":68,"column":5}},"30":{"start":{"line":69,"column":26},"end":{"line":69,"column":31}},"31":{"start":{"line":70,"column":18},"end":{"line":70,"column":40}},"32":{"start":{"line":72,"column":4},"end":{"line":74,"column":5}},"33":{"start":{"line":73,"column":8},"end":{"line":73,"column":23}},"34":{"start":{"line":75,"column":16},"end":{"line":75,"column":39}},"35":{"start":{"line":76,"column":4},"end":{"line":81,"column":5}},"36":{"start":{"line":77,"column":8},"end":{"line":80,"column":11}},"37":{"start":{"line":82,"column":4},"end":{"line":126,"column":5}},"38":{"start":{"line":83,"column":36},"end":{"line":83,"column":69}},"39":{"start":{"line":84,"column":19},"end":{"line":84,"column":56}},"40":{"start":{"line":85,"column":23},"end":{"line":85,"column":64}},"41":{"start":{"line":86,"column":8},"end":{"line":106,"column":11}},"42":{"start":{"line":86,"column":45},"end":{"line":106,"column":10}},"43":{"start":{"line":87,"column":12},"end":{"line":105,"column":13}},"44":{"start":{"line":88,"column":16},"end":{"line":88,"column":33}},"45":{"start":{"line":89,"column":16},"end":{"line":91,"column":19}},"46":{"start":{"line":94,"column":16},"end":{"line":104,"column":17}},"47":{"start":{"line":95,"column":37},"end":{"line":95,"column":50}},"48":{"start":{"line":96,"column":20},"end":{"line":96,"column":50}},"49":{"start":{"line":97,"column":20},"end":{"line":97,"column":54}},"50":{"start":{"line":98,"column":20},"end":{"line":98,"column":44}},"51":{"start":{"line":99,"column":20},"end":{"line":99,"column":59}},"52":{"start":{"line":102,"column":20},"end":{"line":102,"column":98}},"53":{"start":{"line":103,"column":20},"end":{"line":103,"column":61}},"54":{"start":{"line":109,"column":8},"end":{"line":113,"column":9}},"55":{"start":{"line":110,"column":12},"end":{"line":112,"column":15}},"56":{"start":{"line":114,"column":8},"end":{"line":125,"column":9}},"57":{"start":{"line":115,"column":29},"end":{"line":115,"column":42}},"58":{"start":{"line":116,"column":12},"end":{"line":116,"column":46}},"59":{"start":{"line":117,"column":12},"end":{"line":117,"column":30}},"60":{"start":{"line":118,"column":12},"end":{"line":118,"column":57}},"61":{"start":{"line":121,"column":12},"end":{"line":123,"column":15}},"62":{"start":{"line":124,"column":12},"end":{"line":124,"column":59}},"63":{"start":{"line":129,"column":0},"end":{"line":129,"column":28}}},"fnMap":{"0":{"name":"(anonymous_8)","decl":{"start":{"line":39,"column":22},"end":{"line":39,"column":28}},"loc":{"start":{"line":39,"column":58},"end":{"line":54,"column":2}}},"1":{"name":"(anonymous_9)","decl":{"start":{"line":39,"column":58},"end":{"line":39,"column":null}},"loc":{"start":{"line":39,"column":58},"end":{"line":54,"column":1}}},"2":{"name":"validateIntro","decl":{"start":{"line":57,"column":9},"end":{"line":57,"column":22}},"loc":{"start":{"line":57,"column":35},"end":{"line":62,"column":1}}},"3":{"name":"(anonymous_11)","decl":{"start":{"line":64,"column":31},"end":{"line":64,"column":37}},"loc":{"start":{"line":64,"column":67},"end":{"line":127,"column":2}}},"4":{"name":"(anonymous_12)","decl":{"start":{"line":64,"column":67},"end":{"line":64,"column":null}},"loc":{"start":{"line":64,"column":67},"end":{"line":127,"column":1}}},"5":{"name":"(anonymous_13)","decl":{"start":{"line":86,"column":28},"end":{"line":86,"column":35}},"loc":{"start":{"line":86,"column":45},"end":{"line":106,"column":10}}},"6":{"name":"(anonymous_14)","decl":{"start":{"line":86,"column":45},"end":{"line":86,"column":null}},"loc":{"start":{"line":86,"column":45},"end":{"line":106,"column":9}}}},"branchMap":{"0":{"loc":{"start":{"line":41,"column":4},"end":{"line":53,"column":5}},"type":"if","locations":[{"start":{"line":41,"column":4},"end":{"line":53,"column":5}},{"start":{"line":51,"column":8},"end":{"line":53,"column":5}}]},"1":{"loc":{"start":{"line":66,"column":4},"end":{"line":68,"column":5}},"type":"if","locations":[{"start":{"line":66,"column":4},"end":{"line":68,"column":5}}]},"2":{"loc":{"start":{"line":72,"column":4},"end":{"line":74,"column":5}},"type":"if","locations":[{"start":{"line":72,"column":4},"end":{"line":74,"column":5}}]},"3":{"loc":{"start":{"line":76,"column":4},"end":{"line":81,"column":5}},"type":"if","locations":[{"start":{"line":76,"column":4},"end":{"line":81,"column":5}}]},"4":{"loc":{"start":{"line":82,"column":4},"end":{"line":126,"column":5}},"type":"if","locations":[{"start":{"line":82,"column":4},"end":{"line":126,"column":5}},{"start":{"line":108,"column":8},"end":{"line":126,"column":5}}]},"5":{"loc":{"start":{"line":82,"column":7},"end":{"line":82,"column":50}},"type":"binary-expr","locations":[{"start":{"line":82,"column":7},"end":{"line":82,"column":16}},{"start":{"line":82,"column":20},"end":{"line":82,"column":50}}]},"6":{"loc":{"start":{"line":87,"column":12},"end":{"line":105,"column":13}},"type":"if","locations":[{"start":{"line":87,"column":12},"end":{"line":105,"column":13}},{"start":{"line":93,"column":16},"end":{"line":105,"column":13}}]},"7":{"loc":{"start":{"line":94,"column":16},"end":{"line":104,"column":17}},"type":"if","locations":[{"start":{"line":94,"column":16},"end":{"line":104,"column":17}},{"start":{"line":101,"column":20},"end":{"line":104,"column":17}}]},"8":{"loc":{"start":{"line":109,"column":8},"end":{"line":113,"column":9}},"type":"if","locations":[{"start":{"line":109,"column":8},"end":{"line":113,"column":9}}]},"9":{"loc":{"start":{"line":114,"column":8},"end":{"line":125,"column":9}},"type":"if","locations":[{"start":{"line":114,"column":8},"end":{"line":125,"column":9}},{"start":{"line":120,"column":12},"end":{"line":125,"column":9}}]}},"s":{"0":1,"1":1,"2":1,"3":1,"4":1,"5":1,"6":1,"7":1,"8":1,"9":1,"10":1,"11":1,"12":1,"13":1,"14":1,"15":1,"16":1,"17":1,"18":0,"19":0,"20":0,"21":0,"22":0,"23":1,"24":2,"25":2,"26":1,"27":2,"28":2,"29":2,"30":2,"31":2,"32":2,"33":1,"34":2,"35":2,"36":1,"37":1,"38":0,"39":0,"40":0,"41":0,"42":0,"43":0,"44":0,"45":0,"46":0,"47":0,"48":0,"49":0,"50":0,"51":0,"52":0,"53":0,"54":1,"55":0,"56":1,"57":1,"58":1,"59":1,"60":1,"61":0,"62":0,"63":1},"f":{"0":1,"1":1,"2":2,"3":2,"4":2,"5":0,"6":0},"b":{"0":[0,1],"1":[2],"2":[1],"3":[1],"4":[0,1],"5":[1,0],"6":[0,0],"7":[0,0],"8":[0],"9":[1,0]}}
}
