{"C:\\xampp\\htdocs\\express\\src\\app.ts": {"path":"C:\\xampp\\htdocs\\express\\src\\app.ts","statementMap":{"0":{"start":{"line":1,"column":0},"end":{"line":1,"column":67}},"1":{"start":{"line":2,"column":0},"end":{"line":2,"column":24}},"2":{"start":{"line":5,"column":0},"end":{"line":5,"column":28}},"3":{"start":{"line":8,"column":0},"end":{"line":8,"column":16}},"4":{"start":{"line":9,"column":12},"end":{"line":9,"column":21}},"5":{"start":{"line":10,"column":13},"end":{"line":10,"column":25}},"6":{"start":{"line":14,"column":0},"end":{"line":14,"column":40}},"7":{"start":{"line":15,"column":0},"end":{"line":15,"column":45}},"8":{"start":{"line":16,"column":0},"end":{"line":16,"column":43}},"9":{"start":{"line":17,"column":0},"end":{"line":17,"column":45}},"10":{"start":{"line":18,"column":0},"end":{"line":18,"column":40}},"11":{"start":{"line":22,"column":1},"end":{"line":28,"column":4}},"12":{"start":{"line":23,"column":2},"end":{"line":26,"column":3}},"13":{"start":{"line":24,"column":3},"end":{"line":24,"column":22}},"14":{"start":{"line":25,"column":3},"end":{"line":25,"column":70}},"15":{"start":{"line":27,"column":2},"end":{"line":27,"column":9}},"16":{"start":{"line":32,"column":0},"end":{"line":32,"column":30}},"17":{"start":{"line":33,"column":0},"end":{"line":33,"column":36}},"18":{"start":{"line":34,"column":0},"end":{"line":34,"column":34}},"19":{"start":{"line":35,"column":0},"end":{"line":35,"column":35}},"20":{"start":{"line":36,"column":0},"end":{"line":36,"column":30}},"21":{"start":{"line":40,"column":11},"end":{"line":40,"column":41}},"22":{"start":{"line":43,"column":0},"end":{"line":43,"column":41}},"23":{"start":{"line":44,"column":0},"end":{"line":44,"column":24}},"24":{"start":{"line":45,"column":0},"end":{"line":45,"column":16}},"25":{"start":{"line":48,"column":0},"end":{"line":53,"column":3}},"26":{"start":{"line":49,"column":1},"end":{"line":52,"column":4}},"27":{"start":{"line":56,"column":0},"end":{"line":60,"column":3}},"28":{"start":{"line":57,"column":1},"end":{"line":59,"column":4}},"29":{"start":{"line":63,"column":0},"end":{"line":63,"column":19}}},"fnMap":{"0":{"name":"(anonymous_1)","decl":{"start":{"line":22,"column":9},"end":{"line":22,"column":10}},"loc":{"start":{"line":22,"column":73},"end":{"line":28,"column":2}}},"1":{"name":"(anonymous_2)","decl":{"start":{"line":48,"column":13},"end":{"line":48,"column":14}},"loc":{"start":{"line":48,"column":45},"end":{"line":53,"column":1}}},"2":{"name":"(anonymous_3)","decl":{"start":{"line":56,"column":13},"end":{"line":56,"column":14}},"loc":{"start":{"line":56,"column":45},"end":{"line":60,"column":1}}}},"branchMap":{"0":{"loc":{"start":{"line":23,"column":2},"end":{"line":26,"column":3}},"type":"if","locations":[{"start":{"line":23,"column":2},"end":{"line":26,"column":3}}]},"1":{"loc":{"start":{"line":23,"column":6},"end":{"line":23,"column":49}},"type":"binary-expr","locations":[{"start":{"line":23,"column":6},"end":{"line":23,"column":32}},{"start":{"line":23,"column":36},"end":{"line":23,"column":49}}]}},"s":{"0":1,"1":1,"2":1,"3":1,"4":1,"5":1,"6":1,"7":1,"8":1,"9":1,"10":1,"11":1,"12":0,"13":0,"14":0,"15":0,"16":1,"17":1,"18":1,"19":1,"20":1,"21":1,"22":1,"23":1,"24":1,"25":1,"26":1,"27":1,"28":1,"29":1},"f":{"0":0,"1":1,"2":1},"b":{"0":[0],"1":[0,0]}}
,"C:\\xampp\\htdocs\\express\\src\\models\\blogModels.ts": {"path":"C:\\xampp\\htdocs\\express\\src\\models\\blogModels.ts","statementMap":{"0":{"start":{"line":1,"column":0},"end":{"line":1,"column":54}},"1":{"start":{"line":12,"column":27},"end":{"line":33,"column":null}},"2":{"start":{"line":36,"column":13},"end":{"line":36,"column":54}},"3":{"start":{"line":38,"column":0},"end":{"line":38,"column":20}}},"fnMap":{},"branchMap":{},"s":{"0":1,"1":1,"2":1,"3":1},"f":{},"b":{}}
,"C:\\xampp\\htdocs\\express\\src\\models\\commentModel.ts": {"path":"C:\\xampp\\htdocs\\express\\src\\models\\commentModel.ts","statementMap":{"0":{"start":{"line":1,"column":0},"end":{"line":1,"column":53}},"1":{"start":{"line":11,"column":30},"end":{"line":32,"column":2}},"2":{"start":{"line":34,"column":16},"end":{"line":34,"column":65}},"3":{"start":{"line":37,"column":0},"end":{"line":37,"column":23}}},"fnMap":{},"branchMap":{},"s":{"0":1,"1":1,"2":1,"3":1},"f":{},"b":{}}
,"C:\\xampp\\htdocs\\express\\src\\models\\messageModel.ts": {"path":"C:\\xampp\\htdocs\\express\\src\\models\\messageModel.ts","statementMap":{"0":{"start":{"line":1,"column":0},"end":{"line":1,"column":54}},"1":{"start":{"line":10,"column":30},"end":{"line":27,"column":2}},"2":{"start":{"line":29,"column":14},"end":{"line":29,"column":64}},"3":{"start":{"line":31,"column":0},"end":{"line":31,"column":23}}},"fnMap":{},"branchMap":{},"s":{"0":1,"1":1,"2":1,"3":1},"f":{},"b":{}}
,"C:\\xampp\\htdocs\\express\\src\\models\\profileModel.ts": {"path":"C:\\xampp\\htdocs\\express\\src\\models\\profileModel.ts","statementMap":{"0":{"start":{"line":1,"column":0},"end":{"line":1,"column":59}},"1":{"start":{"line":8,"column":28},"end":{"line":18,"column":2}},"2":{"start":{"line":20,"column":16},"end":{"line":20,"column":66}},"3":{"start":{"line":22,"column":0},"end":{"line":22,"column":23}}},"fnMap":{},"branchMap":{},"s":{"0":1,"1":1,"2":1,"3":1},"f":{},"b":{}}
,"C:\\xampp\\htdocs\\express\\src\\routes\\blogs.ts": {"path":"C:\\xampp\\htdocs\\express\\src\\routes\\blogs.ts","statementMap":{"0":{"start":{"line":1,"column":0},"end":{"line":1,"column":65}},"1":{"start":{"line":2,"column":0},"end":{"line":2,"column":51}},"2":{"start":{"line":3,"column":0},"end":{"line":3,"column":32}},"3":{"start":{"line":5,"column":0},"end":{"line":5,"column":22}},"4":{"start":{"line":8,"column":14},"end":{"line":13,"column":3}},"5":{"start":{"line":14,"column":1},"end":{"line":14,"column":30}},"6":{"start":{"line":18,"column":19},"end":{"line":18,"column":35}},"7":{"start":{"line":19,"column":0},"end":{"line":19,"column":31}},"8":{"start":{"line":23,"column":1},"end":{"line":29,"column":4}},"9":{"start":{"line":24,"column":2},"end":{"line":27,"column":3}},"10":{"start":{"line":25,"column":3},"end":{"line":25,"column":22}},"11":{"start":{"line":26,"column":3},"end":{"line":26,"column":70}},"12":{"start":{"line":28,"column":2},"end":{"line":28,"column":9}},"13":{"start":{"line":31,"column":0},"end":{"line":44,"column":3}},"14":{"start":{"line":31,"column":58},"end":{"line":44,"column":2}},"15":{"start":{"line":32,"column":1},"end":{"line":43,"column":2}},"16":{"start":{"line":33,"column":23},"end":{"line":33,"column":75}},"17":{"start":{"line":34,"column":2},"end":{"line":37,"column":5}},"18":{"start":{"line":39,"column":2},"end":{"line":42,"column":5}},"19":{"start":{"line":48,"column":0},"end":{"line":61,"column":3}},"20":{"start":{"line":48,"column":61},"end":{"line":61,"column":2}},"21":{"start":{"line":49,"column":1},"end":{"line":60,"column":2}},"22":{"start":{"line":50,"column":13},"end":{"line":50,"column":47}},"23":{"start":{"line":51,"column":2},"end":{"line":54,"column":5}},"24":{"start":{"line":56,"column":2},"end":{"line":59,"column":11}},"25":{"start":{"line":67,"column":0},"end":{"line":87,"column":null}},"26":{"start":{"line":67,"column":70},"end":{"line":87,"column":2}},"27":{"start":{"line":68,"column":1},"end":{"line":86,"column":2}},"28":{"start":{"line":69,"column":2},"end":{"line":83,"column":4}},"29":{"start":{"line":70,"column":14},"end":{"line":70,"column":27}},"30":{"start":{"line":71,"column":18},"end":{"line":71,"column":51}},"31":{"start":{"line":72,"column":4},"end":{"line":82,"column":5}},"32":{"start":{"line":73,"column":5},"end":{"line":76,"column":8}},"33":{"start":{"line":78,"column":5},"end":{"line":81,"column":8}},"34":{"start":{"line":91,"column":0},"end":{"line":108,"column":3}},"35":{"start":{"line":91,"column":66},"end":{"line":108,"column":2}},"36":{"start":{"line":92,"column":1},"end":{"line":107,"column":2}},"37":{"start":{"line":93,"column":14},"end":{"line":93,"column":36}},"38":{"start":{"line":94,"column":2},"end":{"line":103,"column":3}},"39":{"start":{"line":95,"column":23},"end":{"line":95,"column":50}},"40":{"start":{"line":96,"column":3},"end":{"line":96,"column":30}},"41":{"start":{"line":99,"column":3},"end":{"line":102,"column":6}},"42":{"start":{"line":105,"column":2},"end":{"line":105,"column":29}},"43":{"start":{"line":106,"column":2},"end":{"line":106,"column":38}},"44":{"start":{"line":112,"column":0},"end":{"line":144,"column":3}},"45":{"start":{"line":112,"column":67},"end":{"line":144,"column":2}},"46":{"start":{"line":113,"column":1},"end":{"line":143,"column":2}},"47":{"start":{"line":114,"column":11},"end":{"line":114,"column":24}},"48":{"start":{"line":115,"column":2},"end":{"line":137,"column":3}},"49":{"start":{"line":116,"column":20},"end":{"line":116,"column":52}},"50":{"start":{"line":117,"column":3},"end":{"line":119,"column":4}},"51":{"start":{"line":118,"column":4},"end":{"line":118,"column":32}},"52":{"start":{"line":120,"column":3},"end":{"line":122,"column":4}},"53":{"start":{"line":121,"column":4},"end":{"line":121,"column":44}},"54":{"start":{"line":123,"column":3},"end":{"line":125,"column":4}},"55":{"start":{"line":124,"column":4},"end":{"line":124,"column":36}},"56":{"start":{"line":126,"column":3},"end":{"line":126,"column":15}},"57":{"start":{"line":127,"column":3},"end":{"line":130,"column":null}},"58":{"start":{"line":133,"column":3},"end":{"line":136,"column":6}},"59":{"start":{"line":139,"column":2},"end":{"line":142,"column":5}},"60":{"start":{"line":146,"column":0},"end":{"line":146,"column":26}}},"fnMap":{"0":{"name":"validateBlog","decl":{"start":{"line":7,"column":9},"end":{"line":7,"column":21}},"loc":{"start":{"line":7,"column":33},"end":{"line":15,"column":1}}},"1":{"name":"(anonymous_9)","decl":{"start":{"line":23,"column":16},"end":{"line":23,"column":17}},"loc":{"start":{"line":23,"column":80},"end":{"line":29,"column":2}}},"2":{"name":"(anonymous_10)","decl":{"start":{"line":31,"column":20},"end":{"line":31,"column":27}},"loc":{"start":{"line":31,"column":58},"end":{"line":44,"column":2}}},"3":{"name":"(anonymous_11)","decl":{"start":{"line":31,"column":58},"end":{"line":31,"column":null}},"loc":{"start":{"line":31,"column":58},"end":{"line":44,"column":1}}},"4":{"name":"(anonymous_12)","decl":{"start":{"line":48,"column":23},"end":{"line":48,"column":30}},"loc":{"start":{"line":48,"column":61},"end":{"line":61,"column":2}}},"5":{"name":"(anonymous_13)","decl":{"start":{"line":48,"column":61},"end":{"line":48,"column":null}},"loc":{"start":{"line":48,"column":61},"end":{"line":61,"column":1}}},"6":{"name":"(anonymous_14)","decl":{"start":{"line":67,"column":34},"end":{"line":67,"column":40}},"loc":{"start":{"line":67,"column":70},"end":{"line":87,"column":2}}},"7":{"name":"(anonymous_15)","decl":{"start":{"line":67,"column":70},"end":{"line":67,"column":null}},"loc":{"start":{"line":67,"column":70},"end":{"line":87,"column":1}}},"8":{"name":"(anonymous_16)","decl":{"start":{"line":91,"column":28},"end":{"line":91,"column":35}},"loc":{"start":{"line":91,"column":66},"end":{"line":108,"column":2}}},"9":{"name":"(anonymous_17)","decl":{"start":{"line":91,"column":66},"end":{"line":91,"column":null}},"loc":{"start":{"line":91,"column":66},"end":{"line":108,"column":1}}},"10":{"name":"(anonymous_18)","decl":{"start":{"line":112,"column":31},"end":{"line":112,"column":37}},"loc":{"start":{"line":112,"column":67},"end":{"line":144,"column":2}}},"11":{"name":"(anonymous_19)","decl":{"start":{"line":112,"column":67},"end":{"line":112,"column":null}},"loc":{"start":{"line":112,"column":67},"end":{"line":144,"column":1}}}},"branchMap":{"0":{"loc":{"start":{"line":24,"column":2},"end":{"line":27,"column":3}},"type":"if","locations":[{"start":{"line":24,"column":2},"end":{"line":27,"column":3}}]},"1":{"loc":{"start":{"line":24,"column":6},"end":{"line":24,"column":49}},"type":"binary-expr","locations":[{"start":{"line":24,"column":6},"end":{"line":24,"column":32}},{"start":{"line":24,"column":36},"end":{"line":24,"column":49}}]},"2":{"loc":{"start":{"line":69,"column":2},"end":{"line":83,"column":4}},"type":"if","locations":[{"start":{"line":69,"column":2},"end":{"line":83,"column":4}}]},"3":{"loc":{"start":{"line":72,"column":4},"end":{"line":82,"column":5}},"type":"if","locations":[{"start":{"line":72,"column":4},"end":{"line":82,"column":5}},{"start":{"line":77,"column":11},"end":{"line":82,"column":5}}]},"4":{"loc":{"start":{"line":94,"column":2},"end":{"line":103,"column":3}},"type":"if","locations":[{"start":{"line":94,"column":2},"end":{"line":103,"column":3}},{"start":{"line":98,"column":6},"end":{"line":103,"column":3}}]},"5":{"loc":{"start":{"line":115,"column":2},"end":{"line":137,"column":3}},"type":"if","locations":[{"start":{"line":115,"column":2},"end":{"line":137,"column":3}},{"start":{"line":132,"column":6},"end":{"line":137,"column":3}}]},"6":{"loc":{"start":{"line":117,"column":3},"end":{"line":119,"column":4}},"type":"if","locations":[{"start":{"line":117,"column":3},"end":{"line":119,"column":4}}]},"7":{"loc":{"start":{"line":117,"column":6},"end":{"line":117,"column":49}},"type":"binary-expr","locations":[{"start":{"line":117,"column":6},"end":{"line":117,"column":20}},{"start":{"line":117,"column":24},"end":{"line":117,"column":49}}]},"8":{"loc":{"start":{"line":120,"column":3},"end":{"line":122,"column":4}},"type":"if","locations":[{"start":{"line":120,"column":3},"end":{"line":122,"column":4}}]},"9":{"loc":{"start":{"line":120,"column":6},"end":{"line":120,"column":61}},"type":"binary-expr","locations":[{"start":{"line":120,"column":6},"end":{"line":120,"column":26}},{"start":{"line":120,"column":30},"end":{"line":120,"column":61}}]},"10":{"loc":{"start":{"line":123,"column":3},"end":{"line":125,"column":4}},"type":"if","locations":[{"start":{"line":123,"column":3},"end":{"line":125,"column":4}}]},"11":{"loc":{"start":{"line":123,"column":6},"end":{"line":123,"column":53}},"type":"binary-expr","locations":[{"start":{"line":123,"column":6},"end":{"line":123,"column":22}},{"start":{"line":123,"column":26},"end":{"line":123,"column":53}}]}},"s":{"0":1,"1":1,"2":1,"3":1,"4":3,"5":3,"6":1,"7":1,"8":1,"9":0,"10":0,"11":0,"12":0,"13":1,"14":2,"15":2,"16":2,"17":2,"18":0,"19":1,"20":2,"21":2,"22":2,"23":1,"24":1,"25":1,"26":2,"27":2,"28":2,"29":2,"30":2,"31":2,"32":1,"33":1,"34":1,"35":3,"36":3,"37":3,"38":3,"39":2,"40":2,"41":1,"42":0,"43":0,"44":1,"45":3,"46":3,"47":3,"48":3,"49":1,"50":1,"51":1,"52":1,"53":1,"54":1,"55":1,"56":1,"57":1,"58":1,"59":1,"60":1},"f":{"0":3,"1":0,"2":2,"3":2,"4":2,"5":2,"6":2,"7":2,"8":3,"9":3,"10":3,"11":3},"b":{"0":[0],"1":[0,0],"2":[2],"3":[1,1],"4":[2,1],"5":[1,1],"6":[1],"7":[1,1],"8":[1],"9":[1,1],"10":[1],"11":[1,1]}}
,"C:\\xampp\\htdocs\\express\\src\\routes\\comments.ts": {"path":"C:\\xampp\\htdocs\\express\\src\\routes\\comments.ts","statementMap":{"0":{"start":{"line":2,"column":0},"end":{"line":2,"column":57}},"1":{"start":{"line":3,"column":0},"end":{"line":3,"column":72}},"2":{"start":{"line":4,"column":0},"end":{"line":4,"column":22}},"3":{"start":{"line":5,"column":0},"end":{"line":5,"column":40}},"4":{"start":{"line":6,"column":0},"end":{"line":6,"column":40}},"5":{"start":{"line":7,"column":0},"end":{"line":7,"column":32}},"6":{"start":{"line":9,"column":29},"end":{"line":9,"column":45}},"7":{"start":{"line":11,"column":0},"end":{"line":11,"column":33}},"8":{"start":{"line":12,"column":0},"end":{"line":14,"column":null}},"9":{"start":{"line":17,"column":17},"end":{"line":21,"column":6}},"10":{"start":{"line":22,"column":4},"end":{"line":22,"column":33}},"11":{"start":{"line":27,"column":1},"end":{"line":27,"column":31}},"12":{"start":{"line":32,"column":0},"end":{"line":35,"column":3}},"13":{"start":{"line":32,"column":60},"end":{"line":35,"column":2}},"14":{"start":{"line":33,"column":16},"end":{"line":33,"column":38}},"15":{"start":{"line":34,"column":1},"end":{"line":34,"column":32}},"16":{"start":{"line":40,"column":0},"end":{"line":54,"column":3}},"17":{"start":{"line":40,"column":63},"end":{"line":54,"column":2}},"18":{"start":{"line":41,"column":4},"end":{"line":53,"column":5}},"19":{"start":{"line":42,"column":18},"end":{"line":42,"column":31}},"20":{"start":{"line":43,"column":23},"end":{"line":43,"column":56}},"21":{"start":{"line":44,"column":8},"end":{"line":47,"column":7}},"22":{"start":{"line":49,"column":8},"end":{"line":52,"column":11}},"23":{"start":{"line":58,"column":0},"end":{"line":86,"column":3}},"24":{"start":{"line":58,"column":74},"end":{"line":86,"column":2}},"25":{"start":{"line":59,"column":4},"end":{"line":85,"column":5}},"26":{"start":{"line":60,"column":24},"end":{"line":60,"column":37}},"27":{"start":{"line":61,"column":8},"end":{"line":81,"column":9}},"28":{"start":{"line":62,"column":22},"end":{"line":62,"column":64}},"29":{"start":{"line":63,"column":12},"end":{"line":74,"column":13}},"30":{"start":{"line":64,"column":16},"end":{"line":67,"column":19}},"31":{"start":{"line":70,"column":16},"end":{"line":73,"column":19}},"32":{"start":{"line":77,"column":12},"end":{"line":80,"column":15}},"33":{"start":{"line":84,"column":8},"end":{"line":84,"column":76}},"34":{"start":{"line":90,"column":0},"end":{"line":117,"column":null}},"35":{"start":{"line":90,"column":59},"end":{"line":117,"column":2}},"36":{"start":{"line":91,"column":16},"end":{"line":91,"column":41}},"37":{"start":{"line":92,"column":4},"end":{"line":116,"column":5}},"38":{"start":{"line":93,"column":8},"end":{"line":96,"column":11}},"39":{"start":{"line":99,"column":21},"end":{"line":99,"column":36}},"40":{"start":{"line":100,"column":8},"end":{"line":115,"column":9}},"41":{"start":{"line":101,"column":12},"end":{"line":111,"column":13}},"42":{"start":{"line":102,"column":33},"end":{"line":102,"column":63}},"43":{"start":{"line":103,"column":16},"end":{"line":107,"column":19}},"44":{"start":{"line":110,"column":16},"end":{"line":110,"column":66}},"45":{"start":{"line":114,"column":12},"end":{"line":114,"column":62}},"46":{"start":{"line":119,"column":0},"end":{"line":119,"column":28}}},"fnMap":{"0":{"name":"validateComment","decl":{"start":{"line":16,"column":9},"end":{"line":16,"column":24}},"loc":{"start":{"line":16,"column":34},"end":{"line":23,"column":1}}},"1":{"name":"(anonymous_9)","decl":{"start":{"line":32,"column":22},"end":{"line":32,"column":29}},"loc":{"start":{"line":32,"column":60},"end":{"line":35,"column":2}}},"2":{"name":"(anonymous_10)","decl":{"start":{"line":32,"column":60},"end":{"line":32,"column":null}},"loc":{"start":{"line":32,"column":60},"end":{"line":35,"column":1}}},"3":{"name":"(anonymous_11)","decl":{"start":{"line":40,"column":25},"end":{"line":40,"column":32}},"loc":{"start":{"line":40,"column":63},"end":{"line":54,"column":2}}},"4":{"name":"(anonymous_12)","decl":{"start":{"line":40,"column":63},"end":{"line":40,"column":null}},"loc":{"start":{"line":40,"column":63},"end":{"line":54,"column":1}}},"5":{"name":"(anonymous_13)","decl":{"start":{"line":58,"column":36},"end":{"line":58,"column":43}},"loc":{"start":{"line":58,"column":74},"end":{"line":86,"column":2}}},"6":{"name":"(anonymous_14)","decl":{"start":{"line":58,"column":74},"end":{"line":58,"column":null}},"loc":{"start":{"line":58,"column":74},"end":{"line":86,"column":1}}},"7":{"name":"(anonymous_15)","decl":{"start":{"line":90,"column":23},"end":{"line":90,"column":29}},"loc":{"start":{"line":90,"column":59},"end":{"line":117,"column":2}}},"8":{"name":"(anonymous_16)","decl":{"start":{"line":90,"column":59},"end":{"line":90,"column":null}},"loc":{"start":{"line":90,"column":59},"end":{"line":117,"column":1}}}},"branchMap":{"0":{"loc":{"start":{"line":59,"column":4},"end":{"line":85,"column":5}},"type":"if","locations":[{"start":{"line":59,"column":4},"end":{"line":85,"column":5}},{"start":{"line":83,"column":8},"end":{"line":85,"column":5}}]},"1":{"loc":{"start":{"line":63,"column":12},"end":{"line":74,"column":13}},"type":"if","locations":[{"start":{"line":63,"column":12},"end":{"line":74,"column":13}},{"start":{"line":69,"column":16},"end":{"line":74,"column":13}}]},"2":{"loc":{"start":{"line":92,"column":4},"end":{"line":116,"column":5}},"type":"if","locations":[{"start":{"line":92,"column":4},"end":{"line":116,"column":5}},{"start":{"line":98,"column":8},"end":{"line":116,"column":5}}]},"3":{"loc":{"start":{"line":101,"column":12},"end":{"line":111,"column":13}},"type":"if","locations":[{"start":{"line":101,"column":12},"end":{"line":111,"column":13}},{"start":{"line":109,"column":16},"end":{"line":111,"column":13}}]}},"s":{"0":1,"1":1,"2":1,"3":1,"4":1,"5":1,"6":1,"7":1,"8":1,"9":2,"10":2,"11":1,"12":1,"13":2,"14":2,"15":2,"16":1,"17":1,"18":1,"19":1,"20":1,"21":1,"22":0,"23":1,"24":3,"25":3,"26":3,"27":3,"28":3,"29":2,"30":1,"31":1,"32":1,"33":0,"34":1,"35":2,"36":2,"37":2,"38":1,"39":1,"40":1,"41":1,"42":1,"43":1,"44":0,"45":0,"46":1},"f":{"0":2,"1":2,"2":2,"3":1,"4":1,"5":3,"6":3,"7":2,"8":2},"b":{"0":[3,0],"1":[1,1],"2":[1,1],"3":[1,0]}}
,"C:\\xampp\\htdocs\\express\\src\\routes\\invalidJson.ts": {"path":"C:\\xampp\\htdocs\\express\\src\\routes\\invalidJson.ts","statementMap":{"0":{"start":{"line":6,"column":1},"end":{"line":9,"column":2}},"1":{"start":{"line":7,"column":2},"end":{"line":7,"column":21}},"2":{"start":{"line":8,"column":2},"end":{"line":8,"column":56}},"3":{"start":{"line":10,"column":1},"end":{"line":10,"column":8}},"4":{"start":{"line":13,"column":0},"end":{"line":13,"column":27}}},"fnMap":{"0":{"name":"invalidJson","decl":{"start":{"line":5,"column":9},"end":{"line":5,"column":20}},"loc":{"start":{"line":5,"column":80},"end":{"line":11,"column":1}}}},"branchMap":{"0":{"loc":{"start":{"line":6,"column":1},"end":{"line":9,"column":2}},"type":"if","locations":[{"start":{"line":6,"column":1},"end":{"line":9,"column":2}}]},"1":{"loc":{"start":{"line":6,"column":5},"end":{"line":6,"column":25}},"type":"binary-expr","locations":[{"start":{"line":6,"column":5},"end":{"line":6,"column":8}},{"start":{"line":6,"column":12},"end":{"line":6,"column":25}}]}},"s":{"0":0,"1":0,"2":0,"3":0,"4":1},"f":{"0":0},"b":{"0":[0],"1":[0,0]}}
,"C:\\xampp\\htdocs\\express\\src\\routes\\isAdmin.ts": {"path":"C:\\xampp\\htdocs\\express\\src\\routes\\isAdmin.ts","statementMap":{"0":{"start":{"line":2,"column":0},"end":{"line":2,"column":28}},"1":{"start":{"line":3,"column":0},"end":{"line":3,"column":30}},"2":{"start":{"line":5,"column":0},"end":{"line":5,"column":16}},"3":{"start":{"line":8,"column":4},"end":{"line":29,"column":5}},"4":{"start":{"line":9,"column":8},"end":{"line":22,"column":9}},"5":{"start":{"line":10,"column":24},"end":{"line":10,"column":63}},"6":{"start":{"line":11,"column":12},"end":{"line":16,"column":13}},"7":{"start":{"line":12,"column":16},"end":{"line":15,"column":19}},"8":{"start":{"line":17,"column":12},"end":{"line":17,"column":19}},"9":{"start":{"line":20,"column":12},"end":{"line":20,"column":40}},"10":{"start":{"line":21,"column":12},"end":{"line":21,"column":79}},"11":{"start":{"line":25,"column":8},"end":{"line":28,"column":11}},"12":{"start":{"line":32,"column":0},"end":{"line":32,"column":23}}},"fnMap":{"0":{"name":"isAdmin","decl":{"start":{"line":7,"column":9},"end":{"line":7,"column":16}},"loc":{"start":{"line":7,"column":62},"end":{"line":30,"column":1}}}},"branchMap":{"0":{"loc":{"start":{"line":9,"column":8},"end":{"line":22,"column":9}},"type":"if","locations":[{"start":{"line":9,"column":8},"end":{"line":22,"column":9}},{"start":{"line":19,"column":12},"end":{"line":22,"column":9}}]},"1":{"loc":{"start":{"line":11,"column":12},"end":{"line":16,"column":13}},"type":"if","locations":[{"start":{"line":11,"column":12},"end":{"line":16,"column":13}}]}},"s":{"0":1,"1":1,"2":1,"3":19,"4":19,"5":18,"6":18,"7":0,"8":17,"9":1,"10":1,"11":1,"12":1},"f":{"0":19},"b":{"0":[18,1],"1":[0]}}
,"C:\\xampp\\htdocs\\express\\src\\routes\\login.ts": {"path":"C:\\xampp\\htdocs\\express\\src\\routes\\login.ts","statementMap":{"0":{"start":{"line":1,"column":0},"end":{"line":1,"column":52}},"1":{"start":{"line":2,"column":0},"end":{"line":2,"column":75}},"2":{"start":{"line":3,"column":0},"end":{"line":3,"column":22}},"3":{"start":{"line":4,"column":0},"end":{"line":4,"column":28}},"4":{"start":{"line":5,"column":0},"end":{"line":5,"column":28}},"5":{"start":{"line":6,"column":0},"end":{"line":6,"column":40}},"6":{"start":{"line":8,"column":0},"end":{"line":8,"column":null}},"7":{"start":{"line":10,"column":27},"end":{"line":10,"column":43}},"8":{"start":{"line":12,"column":0},"end":{"line":12,"column":31}},"9":{"start":{"line":13,"column":0},"end":{"line":15,"column":null}},"10":{"start":{"line":19,"column":0},"end":{"line":19,"column":28}},"11":{"start":{"line":29,"column":17},"end":{"line":32,"column":6}},"12":{"start":{"line":33,"column":4},"end":{"line":33,"column":33}},"13":{"start":{"line":36,"column":0},"end":{"line":77,"column":3}},"14":{"start":{"line":37,"column":4},"end":{"line":76,"column":5}},"15":{"start":{"line":38,"column":8},"end":{"line":69,"column":9}},"16":{"start":{"line":39,"column":24},"end":{"line":39,"column":46}},"17":{"start":{"line":40,"column":12},"end":{"line":45,"column":13}},"18":{"start":{"line":41,"column":16},"end":{"line":44,"column":19}},"19":{"start":{"line":46,"column":27},"end":{"line":46,"column":44}},"20":{"start":{"line":47,"column":27},"end":{"line":47,"column":52}},"21":{"start":{"line":48,"column":32},"end":{"line":48,"column":69}},"22":{"start":{"line":49,"column":41},"end":{"line":49,"column":120}},"23":{"start":{"line":49,"column":61},"end":{"line":49,"column":119}},"24":{"start":{"line":50,"column":12},"end":{"line":68,"column":13}},"25":{"start":{"line":51,"column":42},"end":{"line":54,"column":18}},"26":{"start":{"line":55,"column":28},"end":{"line":57,"column":18}},"27":{"start":{"line":58,"column":16},"end":{"line":62,"column":19}},"28":{"start":{"line":65,"column":16},"end":{"line":67,"column":null}},"29":{"start":{"line":72,"column":8},"end":{"line":75,"column":11}},"30":{"start":{"line":79,"column":0},"end":{"line":79,"column":26}}},"fnMap":{"0":{"name":"validateUser","decl":{"start":{"line":28,"column":9},"end":{"line":28,"column":21}},"loc":{"start":{"line":28,"column":34},"end":{"line":34,"column":1}}},"1":{"name":"(anonymous_2)","decl":{"start":{"line":36,"column":20},"end":{"line":36,"column":21}},"loc":{"start":{"line":36,"column":51},"end":{"line":77,"column":1}}},"2":{"name":"(anonymous_3)","decl":{"start":{"line":49,"column":52},"end":{"line":49,"column":57}},"loc":{"start":{"line":49,"column":61},"end":{"line":49,"column":119}}}},"branchMap":{"0":{"loc":{"start":{"line":38,"column":8},"end":{"line":69,"column":9}},"type":"if","locations":[{"start":{"line":38,"column":8},"end":{"line":69,"column":9}}]},"1":{"loc":{"start":{"line":40,"column":12},"end":{"line":45,"column":13}},"type":"if","locations":[{"start":{"line":40,"column":12},"end":{"line":45,"column":13}}]},"2":{"loc":{"start":{"line":48,"column":43},"end":{"line":48,"column":68}},"type":"binary-expr","locations":[{"start":{"line":48,"column":43},"end":{"line":48,"column":60}},{"start":{"line":48,"column":64},"end":{"line":48,"column":68}}]},"3":{"loc":{"start":{"line":49,"column":61},"end":{"line":49,"column":119}},"type":"binary-expr","locations":[{"start":{"line":49,"column":61},"end":{"line":49,"column":88}},{"start":{"line":49,"column":92},"end":{"line":49,"column":119}}]},"4":{"loc":{"start":{"line":50,"column":12},"end":{"line":68,"column":13}},"type":"if","locations":[{"start":{"line":50,"column":12},"end":{"line":68,"column":13}},{"start":{"line":64,"column":16},"end":{"line":68,"column":13}}]}},"s":{"0":1,"1":1,"2":1,"3":1,"4":1,"5":1,"6":1,"7":1,"8":1,"9":1,"10":1,"11":2,"12":2,"13":1,"14":2,"15":2,"16":2,"17":2,"18":1,"19":1,"20":1,"21":1,"22":1,"23":1,"24":1,"25":1,"26":1,"27":1,"28":0,"29":0,"30":1},"f":{"0":2,"1":2,"2":1},"b":{"0":[2],"1":[1],"2":[1,0],"3":[1,1],"4":[1,0]}}
,"C:\\xampp\\htdocs\\express\\src\\routes\\messages.ts": {"path":"C:\\xampp\\htdocs\\express\\src\\routes\\messages.ts","statementMap":{"0":{"start":{"line":2,"column":0},"end":{"line":2,"column":75}},"1":{"start":{"line":3,"column":0},"end":{"line":3,"column":22}},"2":{"start":{"line":4,"column":0},"end":{"line":4,"column":59}},"3":{"start":{"line":5,"column":0},"end":{"line":5,"column":32}},"4":{"start":{"line":6,"column":0},"end":{"line":6,"column":40}},"5":{"start":{"line":10,"column":28},"end":{"line":10,"column":44}},"6":{"start":{"line":14,"column":0},"end":{"line":14,"column":34}},"7":{"start":{"line":15,"column":0},"end":{"line":17,"column":4}},"8":{"start":{"line":22,"column":14},"end":{"line":26,"column":3}},"9":{"start":{"line":27,"column":1},"end":{"line":27,"column":33}},"10":{"start":{"line":33,"column":1},"end":{"line":33,"column":32}},"11":{"start":{"line":37,"column":0},"end":{"line":52,"column":3}},"12":{"start":{"line":37,"column":62},"end":{"line":52,"column":2}},"13":{"start":{"line":38,"column":13},"end":{"line":38,"column":38}},"14":{"start":{"line":39,"column":1},"end":{"line":51,"column":2}},"15":{"start":{"line":40,"column":2},"end":{"line":43,"column":5}},"16":{"start":{"line":45,"column":26},"end":{"line":45,"column":56}},"17":{"start":{"line":46,"column":2},"end":{"line":50,"column":5}},"18":{"start":{"line":56,"column":0},"end":{"line":68,"column":3}},"19":{"start":{"line":56,"column":70},"end":{"line":68,"column":2}},"20":{"start":{"line":57,"column":28},"end":{"line":57,"column":50}},"21":{"start":{"line":58,"column":1},"end":{"line":63,"column":2}},"22":{"start":{"line":59,"column":2},"end":{"line":62,"column":5}},"23":{"start":{"line":64,"column":1},"end":{"line":67,"column":4}},"24":{"start":{"line":72,"column":0},"end":{"line":82,"column":3}},"25":{"start":{"line":72,"column":75},"end":{"line":82,"column":2}},"26":{"start":{"line":73,"column":13},"end":{"line":73,"column":26}},"27":{"start":{"line":74,"column":4},"end":{"line":81,"column":5}},"28":{"start":{"line":75,"column":8},"end":{"line":80,"column":9}},"29":{"start":{"line":76,"column":12},"end":{"line":76,"column":64}},"30":{"start":{"line":79,"column":12},"end":{"line":79,"column":64}},"31":{"start":{"line":85,"column":0},"end":{"line":89,"column":3}},"32":{"start":{"line":86,"column":1},"end":{"line":88,"column":4}},"33":{"start":{"line":91,"column":0},"end":{"line":91,"column":29}}},"fnMap":{"0":{"name":"validateMessage","decl":{"start":{"line":21,"column":9},"end":{"line":21,"column":24}},"loc":{"start":{"line":21,"column":40},"end":{"line":28,"column":1}}},"1":{"name":"(anonymous_9)","decl":{"start":{"line":37,"column":24},"end":{"line":37,"column":31}},"loc":{"start":{"line":37,"column":62},"end":{"line":52,"column":2}}},"2":{"name":"(anonymous_10)","decl":{"start":{"line":37,"column":62},"end":{"line":37,"column":null}},"loc":{"start":{"line":37,"column":62},"end":{"line":52,"column":1}}},"3":{"name":"(anonymous_11)","decl":{"start":{"line":56,"column":32},"end":{"line":56,"column":39}},"loc":{"start":{"line":56,"column":70},"end":{"line":68,"column":2}}},"4":{"name":"(anonymous_12)","decl":{"start":{"line":56,"column":70},"end":{"line":56,"column":null}},"loc":{"start":{"line":56,"column":70},"end":{"line":68,"column":1}}},"5":{"name":"(anonymous_13)","decl":{"start":{"line":72,"column":37},"end":{"line":72,"column":44}},"loc":{"start":{"line":72,"column":75},"end":{"line":82,"column":2}}},"6":{"name":"(anonymous_14)","decl":{"start":{"line":72,"column":75},"end":{"line":72,"column":null}},"loc":{"start":{"line":72,"column":75},"end":{"line":82,"column":1}}},"7":{"name":"(anonymous_15)","decl":{"start":{"line":85,"column":23},"end":{"line":85,"column":24}},"loc":{"start":{"line":85,"column":55},"end":{"line":89,"column":1}}}},"branchMap":{"0":{"loc":{"start":{"line":39,"column":1},"end":{"line":51,"column":2}},"type":"if","locations":[{"start":{"line":39,"column":1},"end":{"line":51,"column":2}},{"start":{"line":44,"column":8},"end":{"line":51,"column":2}}]},"1":{"loc":{"start":{"line":58,"column":1},"end":{"line":63,"column":2}},"type":"if","locations":[{"start":{"line":58,"column":1},"end":{"line":63,"column":2}}]},"2":{"loc":{"start":{"line":74,"column":4},"end":{"line":81,"column":5}},"type":"if","locations":[{"start":{"line":74,"column":4},"end":{"line":81,"column":5}}]},"3":{"loc":{"start":{"line":75,"column":8},"end":{"line":80,"column":9}},"type":"if","locations":[{"start":{"line":75,"column":8},"end":{"line":80,"column":9}},{"start":{"line":78,"column":12},"end":{"line":80,"column":9}}]}},"s":{"0":1,"1":1,"2":1,"3":1,"4":1,"5":1,"6":1,"7":1,"8":2,"9":2,"10":1,"11":1,"12":2,"13":2,"14":2,"15":1,"16":1,"17":1,"18":1,"19":2,"20":2,"21":2,"22":1,"23":1,"24":1,"25":2,"26":2,"27":2,"28":2,"29":1,"30":1,"31":1,"32":0,"33":1},"f":{"0":2,"1":2,"2":2,"3":2,"4":2,"5":2,"6":2,"7":0},"b":{"0":[1,1],"1":[1],"2":[2],"3":[1,1]}}
,"C:\\xampp\\htdocs\\express\\src\\routes\\profile.ts": {"path":"C:\\xampp\\htdocs\\express\\src\\routes\\profile.ts","statementMap":{"0":{"start":{"line":1,"column":0},"end":{"line":1,"column":80}},"1":{"start":{"line":2,"column":0},"end":{"line":2,"column":57}},"2":{"start":{"line":3,"column":0},"end":{"line":3,"column":60}},"3":{"start":{"line":4,"column":0},"end":{"line":4,"column":34}},"4":{"start":{"line":5,"column":0},"end":{"line":5,"column":32}},"5":{"start":{"line":6,"column":0},"end":{"line":6,"column":32}},"6":{"start":{"line":8,"column":29},"end":{"line":8,"column":45}},"7":{"start":{"line":10,"column":0},"end":{"line":14,"column":2}},"8":{"start":{"line":15,"column":0},"end":{"line":15,"column":33}},"9":{"start":{"line":16,"column":0},"end":{"line":16,"column":31}},"10":{"start":{"line":18,"column":18},"end":{"line":18,"column":40}},"11":{"start":{"line":19,"column":16},"end":{"line":31,"column":14}},"12":{"start":{"line":35,"column":0},"end":{"line":50,"column":null}},"13":{"start":{"line":35,"column":58},"end":{"line":50,"column":2}},"14":{"start":{"line":36,"column":30},"end":{"line":36,"column":52}},"15":{"start":{"line":37,"column":4},"end":{"line":49,"column":5}},"16":{"start":{"line":38,"column":25},"end":{"line":38,"column":38}},"17":{"start":{"line":39,"column":8},"end":{"line":39,"column":37}},"18":{"start":{"line":40,"column":8},"end":{"line":40,"column":41}},"19":{"start":{"line":41,"column":8},"end":{"line":41,"column":26}},"20":{"start":{"line":42,"column":8},"end":{"line":45,"column":7}},"21":{"start":{"line":48,"column":8},"end":{"line":48,"column":26}},"22":{"start":{"line":54,"column":17},"end":{"line":56,"column":6}},"23":{"start":{"line":57,"column":4},"end":{"line":57,"column":33}},"24":{"start":{"line":60,"column":0},"end":{"line":119,"column":null}},"25":{"start":{"line":60,"column":67},"end":{"line":119,"column":2}},"26":{"start":{"line":61,"column":26},"end":{"line":61,"column":31}},"27":{"start":{"line":62,"column":18},"end":{"line":62,"column":40}},"28":{"start":{"line":64,"column":4},"end":{"line":66,"column":5}},"29":{"start":{"line":65,"column":8},"end":{"line":65,"column":23}},"30":{"start":{"line":67,"column":16},"end":{"line":67,"column":39}},"31":{"start":{"line":68,"column":4},"end":{"line":73,"column":5}},"32":{"start":{"line":69,"column":8},"end":{"line":72,"column":11}},"33":{"start":{"line":74,"column":4},"end":{"line":118,"column":5}},"34":{"start":{"line":75,"column":36},"end":{"line":75,"column":69}},"35":{"start":{"line":76,"column":19},"end":{"line":76,"column":56}},"36":{"start":{"line":77,"column":23},"end":{"line":77,"column":64}},"37":{"start":{"line":78,"column":8},"end":{"line":98,"column":11}},"38":{"start":{"line":78,"column":45},"end":{"line":98,"column":10}},"39":{"start":{"line":79,"column":12},"end":{"line":97,"column":13}},"40":{"start":{"line":80,"column":16},"end":{"line":80,"column":33}},"41":{"start":{"line":81,"column":16},"end":{"line":83,"column":19}},"42":{"start":{"line":86,"column":16},"end":{"line":96,"column":17}},"43":{"start":{"line":87,"column":37},"end":{"line":87,"column":50}},"44":{"start":{"line":88,"column":20},"end":{"line":88,"column":50}},"45":{"start":{"line":89,"column":20},"end":{"line":89,"column":54}},"46":{"start":{"line":90,"column":20},"end":{"line":90,"column":44}},"47":{"start":{"line":91,"column":20},"end":{"line":91,"column":59}},"48":{"start":{"line":94,"column":20},"end":{"line":94,"column":98}},"49":{"start":{"line":95,"column":20},"end":{"line":95,"column":61}},"50":{"start":{"line":101,"column":8},"end":{"line":105,"column":9}},"51":{"start":{"line":102,"column":12},"end":{"line":104,"column":15}},"52":{"start":{"line":106,"column":8},"end":{"line":117,"column":9}},"53":{"start":{"line":107,"column":29},"end":{"line":107,"column":42}},"54":{"start":{"line":108,"column":12},"end":{"line":108,"column":46}},"55":{"start":{"line":109,"column":12},"end":{"line":109,"column":30}},"56":{"start":{"line":110,"column":12},"end":{"line":110,"column":57}},"57":{"start":{"line":113,"column":12},"end":{"line":115,"column":15}},"58":{"start":{"line":116,"column":12},"end":{"line":116,"column":59}},"59":{"start":{"line":121,"column":0},"end":{"line":121,"column":28}}},"fnMap":{"0":{"name":"(anonymous_8)","decl":{"start":{"line":35,"column":22},"end":{"line":35,"column":28}},"loc":{"start":{"line":35,"column":58},"end":{"line":50,"column":2}}},"1":{"name":"(anonymous_9)","decl":{"start":{"line":35,"column":58},"end":{"line":35,"column":null}},"loc":{"start":{"line":35,"column":58},"end":{"line":50,"column":1}}},"2":{"name":"validateIntro","decl":{"start":{"line":53,"column":9},"end":{"line":53,"column":22}},"loc":{"start":{"line":53,"column":35},"end":{"line":58,"column":1}}},"3":{"name":"(anonymous_11)","decl":{"start":{"line":60,"column":31},"end":{"line":60,"column":37}},"loc":{"start":{"line":60,"column":67},"end":{"line":119,"column":2}}},"4":{"name":"(anonymous_12)","decl":{"start":{"line":60,"column":67},"end":{"line":60,"column":null}},"loc":{"start":{"line":60,"column":67},"end":{"line":119,"column":1}}},"5":{"name":"(anonymous_13)","decl":{"start":{"line":78,"column":28},"end":{"line":78,"column":35}},"loc":{"start":{"line":78,"column":45},"end":{"line":98,"column":10}}},"6":{"name":"(anonymous_14)","decl":{"start":{"line":78,"column":45},"end":{"line":78,"column":null}},"loc":{"start":{"line":78,"column":45},"end":{"line":98,"column":9}}}},"branchMap":{"0":{"loc":{"start":{"line":37,"column":4},"end":{"line":49,"column":5}},"type":"if","locations":[{"start":{"line":37,"column":4},"end":{"line":49,"column":5}},{"start":{"line":47,"column":8},"end":{"line":49,"column":5}}]},"1":{"loc":{"start":{"line":64,"column":4},"end":{"line":66,"column":5}},"type":"if","locations":[{"start":{"line":64,"column":4},"end":{"line":66,"column":5}}]},"2":{"loc":{"start":{"line":68,"column":4},"end":{"line":73,"column":5}},"type":"if","locations":[{"start":{"line":68,"column":4},"end":{"line":73,"column":5}}]},"3":{"loc":{"start":{"line":74,"column":4},"end":{"line":118,"column":5}},"type":"if","locations":[{"start":{"line":74,"column":4},"end":{"line":118,"column":5}},{"start":{"line":100,"column":8},"end":{"line":118,"column":5}}]},"4":{"loc":{"start":{"line":74,"column":7},"end":{"line":74,"column":50}},"type":"binary-expr","locations":[{"start":{"line":74,"column":7},"end":{"line":74,"column":16}},{"start":{"line":74,"column":20},"end":{"line":74,"column":50}}]},"5":{"loc":{"start":{"line":79,"column":12},"end":{"line":97,"column":13}},"type":"if","locations":[{"start":{"line":79,"column":12},"end":{"line":97,"column":13}},{"start":{"line":85,"column":16},"end":{"line":97,"column":13}}]},"6":{"loc":{"start":{"line":86,"column":16},"end":{"line":96,"column":17}},"type":"if","locations":[{"start":{"line":86,"column":16},"end":{"line":96,"column":17}},{"start":{"line":93,"column":20},"end":{"line":96,"column":17}}]},"7":{"loc":{"start":{"line":101,"column":8},"end":{"line":105,"column":9}},"type":"if","locations":[{"start":{"line":101,"column":8},"end":{"line":105,"column":9}}]},"8":{"loc":{"start":{"line":106,"column":8},"end":{"line":117,"column":9}},"type":"if","locations":[{"start":{"line":106,"column":8},"end":{"line":117,"column":9}},{"start":{"line":112,"column":12},"end":{"line":117,"column":9}}]}},"s":{"0":1,"1":1,"2":1,"3":1,"4":1,"5":1,"6":1,"7":1,"8":1,"9":1,"10":1,"11":1,"12":1,"13":1,"14":1,"15":1,"16":0,"17":0,"18":0,"19":0,"20":0,"21":1,"22":2,"23":2,"24":1,"25":2,"26":2,"27":2,"28":2,"29":0,"30":2,"31":2,"32":1,"33":1,"34":0,"35":0,"36":0,"37":0,"38":0,"39":0,"40":0,"41":0,"42":0,"43":0,"44":0,"45":0,"46":0,"47":0,"48":0,"49":0,"50":1,"51":0,"52":1,"53":0,"54":0,"55":0,"56":0,"57":1,"58":1,"59":1},"f":{"0":1,"1":1,"2":2,"3":2,"4":2,"5":0,"6":0},"b":{"0":[0,1],"1":[0],"2":[1],"3":[0,1],"4":[1,0],"5":[0,0],"6":[0,0],"7":[0],"8":[0,1]}}
}
