TN:
SF:build\app.js
FN:2,(anonymous_0)
FN:3,adopt
FN:3,(anonymous_2)
FN:4,(anonymous_3)
FN:5,fulfilled
FN:6,rejected
FN:7,step
FN:11,(anonymous_7)
FN:48,(anonymous_8)
FN:54,(anonymous_9)
FN:54,(anonymous_10)
FN:68,(anonymous_11)
FN:68,(anonymous_12)
FN:73,(anonymous_13)
FNF:14
FNH:2
FNDA:0,(anonymous_0)
FNDA:0,adopt
FNDA:0,(anonymous_2)
FNDA:0,(anonymous_3)
FNDA:0,fulfilled
FNDA:0,rejected
FNDA:0,step
FNDA:14,(anonymous_7)
FNDA:1,(anonymous_8)
FNDA:0,(anonymous_9)
FNDA:0,(anonymous_10)
FNDA:0,(anonymous_11)
FNDA:0,(anonymous_12)
FNDA:0,(anonymous_13)
DA:2,1
DA:3,0
DA:4,0
DA:5,0
DA:6,0
DA:7,0
DA:8,0
DA:11,1
DA:12,14
DA:14,1
DA:15,1
DA:16,1
DA:17,1
DA:18,1
DA:19,1
DA:20,1
DA:21,1
DA:22,1
DA:24,1
DA:25,1
DA:26,1
DA:27,1
DA:28,1
DA:29,1
DA:30,1
DA:31,1
DA:32,1
DA:33,1
DA:35,1
DA:37,1
DA:38,1
DA:39,1
DA:40,1
DA:41,1
DA:43,1
DA:44,1
DA:45,1
DA:46,1
DA:47,1
DA:48,1
DA:49,1
DA:54,1
DA:55,0
DA:56,0
DA:57,0
DA:58,0
DA:63,0
DA:68,1
DA:70,0
DA:71,0
DA:73,1
DA:74,0
DA:79,1
LF:53
LH:39
BRDA:2,0,0,1
BRDA:2,0,1,1
BRDA:2,0,2,1
BRDA:3,1,0,0
BRDA:3,1,1,0
BRDA:4,2,0,0
BRDA:4,2,1,0
BRDA:7,3,0,0
BRDA:7,3,1,0
BRDA:8,4,0,0
BRDA:8,4,1,0
BRDA:11,5,0,1
BRDA:11,5,1,1
BRDA:11,5,2,1
BRDA:12,6,0,10
BRDA:12,6,1,4
BRDA:12,7,0,14
BRDA:12,7,1,14
BRDA:70,8,0,0
BRDA:70,8,1,0
BRDA:70,9,0,0
BRDA:70,9,1,0
BRF:22
BRH:10
end_of_record
TN:
SF:build\models\blogModels.js
FN:2,(anonymous_0)
FN:6,(anonymous_1)
FN:9,(anonymous_2)
FN:13,(anonymous_3)
FN:15,(anonymous_4)
FN:18,(anonymous_5)
FNF:6
FNH:4
FNDA:52,(anonymous_0)
FNDA:1,(anonymous_1)
FNDA:0,(anonymous_2)
FNDA:1,(anonymous_3)
FNDA:0,(anonymous_4)
FNDA:1,(anonymous_5)
DA:2,1
DA:3,52
DA:4,52
DA:5,52
DA:6,51
DA:8,52
DA:10,0
DA:11,0
DA:13,1
DA:14,1
DA:16,0
DA:18,1
DA:19,1
DA:20,1
DA:21,60
DA:22,1
DA:23,1
DA:25,1
DA:26,1
DA:27,1
DA:47,1
DA:48,1
LF:22
LH:19
BRDA:2,0,0,1
BRDA:2,0,1,1
BRDA:2,0,2,1
BRDA:2,1,0,1
BRDA:2,1,1,0
BRDA:3,2,0,52
BRDA:3,2,1,0
BRDA:5,3,0,51
BRDA:5,3,1,1
BRDA:5,4,0,52
BRDA:5,4,1,52
BRDA:5,5,0,0
BRDA:5,5,1,52
BRDA:5,6,0,52
BRDA:5,6,1,1
BRDA:10,7,0,0
BRDA:10,7,1,0
BRDA:13,8,0,1
BRDA:13,8,1,1
BRDA:13,8,2,1
BRDA:13,9,0,1
BRDA:13,9,1,0
BRDA:18,10,0,1
BRDA:18,10,1,1
BRDA:18,10,2,1
BRDA:19,11,0,0
BRDA:19,11,1,1
BRDA:19,12,0,1
BRDA:19,12,1,1
BRDA:21,13,0,1
BRDA:21,13,1,0
BRDA:21,14,0,52
BRDA:21,14,1,8
BRDA:21,15,0,60
BRDA:21,15,1,59
BRF:35
BRH:27
end_of_record
TN:
SF:build\models\commentModel.js
FN:2,(anonymous_0)
FN:6,(anonymous_1)
FN:9,(anonymous_2)
FN:13,(anonymous_3)
FN:15,(anonymous_4)
FN:18,(anonymous_5)
FNF:6
FNH:4
FNDA:52,(anonymous_0)
FNDA:1,(anonymous_1)
FNDA:0,(anonymous_2)
FNDA:1,(anonymous_3)
FNDA:0,(anonymous_4)
FNDA:1,(anonymous_5)
DA:2,1
DA:3,52
DA:4,52
DA:5,52
DA:6,51
DA:8,52
DA:10,0
DA:11,0
DA:13,1
DA:14,1
DA:16,0
DA:18,1
DA:19,1
DA:20,1
DA:21,60
DA:22,1
DA:23,1
DA:25,1
DA:26,1
DA:27,1
DA:49,1
DA:50,1
LF:22
LH:19
BRDA:2,0,0,1
BRDA:2,0,1,1
BRDA:2,0,2,1
BRDA:2,1,0,1
BRDA:2,1,1,0
BRDA:3,2,0,52
BRDA:3,2,1,0
BRDA:5,3,0,51
BRDA:5,3,1,1
BRDA:5,4,0,52
BRDA:5,4,1,52
BRDA:5,5,0,0
BRDA:5,5,1,52
BRDA:5,6,0,52
BRDA:5,6,1,1
BRDA:10,7,0,0
BRDA:10,7,1,0
BRDA:13,8,0,1
BRDA:13,8,1,1
BRDA:13,8,2,1
BRDA:13,9,0,1
BRDA:13,9,1,0
BRDA:18,10,0,1
BRDA:18,10,1,1
BRDA:18,10,2,1
BRDA:19,11,0,0
BRDA:19,11,1,1
BRDA:19,12,0,1
BRDA:19,12,1,1
BRDA:21,13,0,1
BRDA:21,13,1,0
BRDA:21,14,0,52
BRDA:21,14,1,8
BRDA:21,15,0,60
BRDA:21,15,1,59
BRF:35
BRH:27
end_of_record
TN:
SF:build\models\messageModel.js
FN:2,(anonymous_0)
FN:6,(anonymous_1)
FN:9,(anonymous_2)
FN:13,(anonymous_3)
FN:15,(anonymous_4)
FN:18,(anonymous_5)
FNF:6
FNH:4
FNDA:52,(anonymous_0)
FNDA:1,(anonymous_1)
FNDA:0,(anonymous_2)
FNDA:1,(anonymous_3)
FNDA:0,(anonymous_4)
FNDA:1,(anonymous_5)
DA:2,1
DA:3,52
DA:4,52
DA:5,52
DA:6,51
DA:8,52
DA:10,0
DA:11,0
DA:13,1
DA:14,1
DA:16,0
DA:18,1
DA:19,1
DA:20,1
DA:21,60
DA:22,1
DA:23,1
DA:25,1
DA:26,1
DA:27,1
DA:45,1
DA:46,1
LF:22
LH:19
BRDA:2,0,0,1
BRDA:2,0,1,1
BRDA:2,0,2,1
BRDA:2,1,0,1
BRDA:2,1,1,0
BRDA:3,2,0,52
BRDA:3,2,1,0
BRDA:5,3,0,51
BRDA:5,3,1,1
BRDA:5,4,0,52
BRDA:5,4,1,52
BRDA:5,5,0,0
BRDA:5,5,1,52
BRDA:5,6,0,52
BRDA:5,6,1,1
BRDA:10,7,0,0
BRDA:10,7,1,0
BRDA:13,8,0,1
BRDA:13,8,1,1
BRDA:13,8,2,1
BRDA:13,9,0,1
BRDA:13,9,1,0
BRDA:18,10,0,1
BRDA:18,10,1,1
BRDA:18,10,2,1
BRDA:19,11,0,0
BRDA:19,11,1,1
BRDA:19,12,0,1
BRDA:19,12,1,1
BRDA:21,13,0,1
BRDA:21,13,1,0
BRDA:21,14,0,52
BRDA:21,14,1,8
BRDA:21,15,0,60
BRDA:21,15,1,59
BRF:35
BRH:27
end_of_record
TN:
SF:build\models\profileModel.js
FN:2,(anonymous_0)
FN:6,(anonymous_1)
FN:9,(anonymous_2)
FN:13,(anonymous_3)
FN:15,(anonymous_4)
FN:18,(anonymous_5)
FNF:6
FNH:4
FNDA:52,(anonymous_0)
FNDA:1,(anonymous_1)
FNDA:0,(anonymous_2)
FNDA:1,(anonymous_3)
FNDA:0,(anonymous_4)
FNDA:1,(anonymous_5)
DA:2,1
DA:3,52
DA:4,52
DA:5,52
DA:6,51
DA:8,52
DA:10,0
DA:11,0
DA:13,1
DA:14,1
DA:16,0
DA:18,1
DA:19,1
DA:20,1
DA:21,60
DA:22,1
DA:23,1
DA:25,1
DA:26,1
DA:27,1
DA:38,1
DA:39,1
LF:22
LH:19
BRDA:2,0,0,1
BRDA:2,0,1,1
BRDA:2,0,2,1
BRDA:2,1,0,1
BRDA:2,1,1,0
BRDA:3,2,0,52
BRDA:3,2,1,0
BRDA:5,3,0,51
BRDA:5,3,1,1
BRDA:5,4,0,52
BRDA:5,4,1,52
BRDA:5,5,0,0
BRDA:5,5,1,52
BRDA:5,6,0,52
BRDA:5,6,1,1
BRDA:10,7,0,0
BRDA:10,7,1,0
BRDA:13,8,0,1
BRDA:13,8,1,1
BRDA:13,8,2,1
BRDA:13,9,0,1
BRDA:13,9,1,0
BRDA:18,10,0,1
BRDA:18,10,1,1
BRDA:18,10,2,1
BRDA:19,11,0,0
BRDA:19,11,1,1
BRDA:19,12,0,1
BRDA:19,12,1,1
BRDA:21,13,0,1
BRDA:21,13,1,0
BRDA:21,14,0,52
BRDA:21,14,1,8
BRDA:21,15,0,60
BRDA:21,15,1,59
BRF:35
BRH:27
end_of_record
TN:
SF:build\routes\blogs.js
FN:2,(anonymous_0)
FN:3,adopt
FN:3,(anonymous_2)
FN:4,(anonymous_3)
FN:5,fulfilled
FN:6,rejected
FN:7,step
FN:11,(anonymous_7)
FN:24,validateBlog
FN:42,(anonymous_9)
FN:42,(anonymous_10)
FN:58,(anonymous_11)
FN:58,(anonymous_12)
FN:74,(anonymous_13)
FN:74,(anonymous_14)
FN:102,uploadFile
FN:110,(anonymous_16)
FN:119,(anonymous_17)
FN:119,(anonymous_18)
FN:153,(anonymous_19)
FN:153,(anonymous_20)
FNF:21
FNH:16
FNDA:5,(anonymous_0)
FNDA:3,adopt
FNDA:3,(anonymous_2)
FNDA:5,(anonymous_3)
FNDA:2,fulfilled
FNDA:1,rejected
FNDA:6,step
FNDA:9,(anonymous_7)
FNDA:2,validateBlog
FNDA:2,(anonymous_9)
FNDA:2,(anonymous_10)
FNDA:1,(anonymous_11)
FNDA:1,(anonymous_12)
FNDA:0,(anonymous_13)
FNDA:0,(anonymous_14)
FNDA:2,uploadFile
FNDA:0,(anonymous_16)
FNDA:2,(anonymous_17)
FNDA:2,(anonymous_18)
FNDA:0,(anonymous_19)
FNDA:0,(anonymous_20)
DA:2,1
DA:3,3
DA:4,5
DA:5,2
DA:6,1
DA:7,6
DA:8,5
DA:11,1
DA:12,9
DA:14,1
DA:15,1
DA:16,1
DA:17,1
DA:18,1
DA:19,1
DA:20,1
DA:21,1
DA:22,1
DA:23,1
DA:25,2
DA:30,2
DA:32,1
DA:33,1
DA:35,1
DA:37,1
DA:38,1
DA:41,1
DA:42,2
DA:43,2
DA:44,2
DA:45,2
DA:51,0
DA:58,1
DA:59,1
DA:60,1
DA:61,0
DA:67,1
DA:74,1
DA:75,0
DA:76,0
DA:77,0
DA:78,0
DA:79,0
DA:80,0
DA:81,0
DA:83,0
DA:84,0
DA:90,0
DA:103,2
DA:104,0
DA:105,0
DA:106,0
DA:107,0
DA:108,0
DA:109,0
DA:110,0
DA:111,0
DA:112,0
DA:114,0
DA:117,2
DA:119,2
DA:120,2
DA:121,2
DA:122,2
DA:123,2
DA:124,2
DA:125,0
DA:128,2
DA:133,2
DA:134,0
DA:135,0
DA:141,2
DA:148,2
DA:149,2
DA:153,1
DA:154,0
DA:155,0
DA:156,0
DA:157,0
DA:158,0
DA:159,0
DA:160,0
DA:162,0
DA:163,0
DA:165,0
DA:166,0
DA:168,0
DA:169,0
DA:170,0
DA:172,0
DA:173,0
DA:179,0
DA:186,0
DA:192,1
LF:94
LH:51
BRDA:2,0,0,1
BRDA:2,0,1,1
BRDA:2,0,2,1
BRDA:3,1,0,0
BRDA:3,1,1,3
BRDA:4,2,0,5
BRDA:4,2,1,5
BRDA:7,3,0,3
BRDA:7,3,1,3
BRDA:8,4,0,5
BRDA:8,4,1,5
BRDA:11,5,0,1
BRDA:11,5,1,1
BRDA:11,5,2,1
BRDA:12,6,0,4
BRDA:12,6,1,5
BRDA:12,7,0,9
BRDA:12,7,1,9
BRDA:76,8,0,0
BRDA:76,8,1,0
BRDA:80,9,0,0
BRDA:80,9,1,0
BRDA:83,10,0,0
BRDA:83,10,1,0
BRDA:103,11,0,0
BRDA:103,11,1,2
BRDA:103,12,0,2
BRDA:103,12,1,0
BRDA:107,13,0,0
BRDA:107,13,1,0
BRDA:124,14,0,0
BRDA:124,14,1,2
BRDA:133,15,0,0
BRDA:133,15,1,2
BRDA:157,16,0,0
BRDA:157,16,1,0
BRDA:159,17,0,0
BRDA:159,17,1,0
BRDA:159,18,0,0
BRDA:159,18,1,0
BRDA:162,19,0,0
BRDA:162,19,1,0
BRDA:162,20,0,0
BRDA:162,20,1,0
BRDA:165,21,0,0
BRDA:165,21,1,0
BRDA:165,22,0,0
BRDA:165,22,1,0
BRDA:168,23,0,0
BRDA:168,23,1,0
BRF:50
BRH:21
end_of_record
TN:
SF:build\routes\comments.js
FN:2,(anonymous_0)
FN:3,adopt
FN:3,(anonymous_2)
FN:4,(anonymous_3)
FN:5,fulfilled
FN:6,rejected
FN:7,step
FN:11,(anonymous_7)
FN:28,validateComment
FN:39,(anonymous_9)
FN:39,(anonymous_10)
FN:47,(anonymous_11)
FN:47,(anonymous_12)
FN:64,(anonymous_13)
FN:64,(anonymous_14)
FN:92,(anonymous_15)
FN:92,(anonymous_16)
FN:122,escapeHtml
FN:130,(anonymous_18)
FN:130,(anonymous_19)
FNF:20
FNH:17
FNDA:6,(anonymous_0)
FNDA:4,adopt
FNDA:4,(anonymous_2)
FNDA:6,(anonymous_3)
FNDA:3,fulfilled
FNDA:1,rejected
FNDA:10,step
FNDA:7,(anonymous_7)
FNDA:2,validateComment
FNDA:2,(anonymous_9)
FNDA:2,(anonymous_10)
FNDA:1,(anonymous_11)
FNDA:1,(anonymous_12)
FNDA:0,(anonymous_13)
FNDA:0,(anonymous_14)
FNDA:1,(anonymous_15)
FNDA:1,(anonymous_16)
FNDA:0,escapeHtml
FNDA:2,(anonymous_18)
FNDA:2,(anonymous_19)
DA:2,1
DA:3,4
DA:4,6
DA:5,3
DA:6,1
DA:7,10
DA:8,6
DA:11,1
DA:12,7
DA:14,1
DA:15,1
DA:16,1
DA:17,1
DA:18,1
DA:19,1
DA:20,1
DA:21,1
DA:22,1
DA:23,1
DA:24,1
DA:25,1
DA:29,2
DA:34,2
DA:37,1
DA:39,2
DA:40,2
DA:41,2
DA:47,1
DA:48,1
DA:49,1
DA:50,1
DA:51,1
DA:57,0
DA:64,1
DA:65,0
DA:66,0
DA:67,0
DA:68,0
DA:69,0
DA:70,0
DA:71,0
DA:72,0
DA:78,0
DA:85,0
DA:92,1
DA:93,1
DA:94,1
DA:95,1
DA:96,1
DA:97,0
DA:98,0
DA:104,0
DA:111,1
DA:118,0
DA:123,0
DA:130,2
DA:131,2
DA:132,2
DA:133,2
DA:139,0
DA:140,0
DA:141,0
DA:142,0
DA:143,0
DA:144,0
DA:145,0
DA:152,0
DA:156,0
DA:160,1
LF:69
LH:44
BRDA:2,0,0,1
BRDA:2,0,1,1
BRDA:2,0,2,1
BRDA:3,1,0,0
BRDA:3,1,1,4
BRDA:4,2,0,6
BRDA:4,2,1,6
BRDA:7,3,0,6
BRDA:7,3,1,4
BRDA:8,4,0,6
BRDA:8,4,1,6
BRDA:11,5,0,1
BRDA:11,5,1,1
BRDA:11,5,2,1
BRDA:12,6,0,4
BRDA:12,6,1,3
BRDA:12,7,0,7
BRDA:12,7,1,7
BRDA:68,8,0,0
BRDA:68,8,1,0
BRDA:74,9,0,0
BRDA:74,9,1,0
BRDA:93,10,0,1
BRDA:93,10,1,0
BRDA:97,11,0,0
BRDA:97,11,1,0
BRDA:132,12,0,2
BRDA:132,12,1,0
BRDA:143,13,0,0
BRDA:143,13,1,0
BRF:30
BRH:19
end_of_record
TN:
SF:build\routes\invalidJson.js
FN:3,invalidJson
FNF:1
FNH:0
FNDA:0,invalidJson
DA:2,1
DA:4,0
DA:5,0
DA:6,0
DA:8,0
DA:11,1
LF:6
LH:2
BRDA:4,0,0,0
BRDA:4,0,1,0
BRDA:4,1,0,0
BRDA:4,1,1,0
BRF:4
BRH:0
end_of_record
TN:
SF:build\routes\isAdmin.js
FN:2,(anonymous_0)
FN:9,isAdmin
FNF:2
FNH:2
FNDA:2,(anonymous_0)
FNDA:11,isAdmin
DA:2,1
DA:3,2
DA:5,1
DA:6,1
DA:7,1
DA:8,1
DA:10,11
DA:11,11
DA:12,10
DA:13,10
DA:14,0
DA:19,9
DA:22,1
DA:23,1
DA:27,1
DA:33,1
LF:16
LH:15
BRDA:2,0,0,1
BRDA:2,0,1,1
BRDA:2,0,2,1
BRDA:3,1,0,0
BRDA:3,1,1,2
BRDA:3,2,0,2
BRDA:3,2,1,2
BRDA:11,3,0,10
BRDA:11,3,1,1
BRDA:13,4,0,0
BRDA:13,4,1,9
BRF:11
BRH:9
end_of_record
TN:
SF:build\routes\login.js
FN:2,(anonymous_0)
FN:22,validateUser
FN:29,(anonymous_2)
FN:42,(anonymous_3)
FNF:4
FNH:4
FNDA:7,(anonymous_0)
FNDA:2,validateUser
FNDA:2,(anonymous_2)
FNDA:1,(anonymous_3)
DA:2,1
DA:3,7
DA:5,1
DA:6,1
DA:7,1
DA:8,1
DA:9,1
DA:10,1
DA:11,1
DA:12,1
DA:13,1
DA:14,1
DA:15,1
DA:16,1
DA:17,1
DA:21,1
DA:23,2
DA:27,2
DA:29,1
DA:30,2
DA:31,2
DA:32,2
DA:33,2
DA:34,1
DA:39,1
DA:40,1
DA:41,1
DA:42,1
DA:43,1
DA:44,1
DA:48,1
DA:51,1
DA:58,0
DA:66,0
DA:72,1
LF:35
LH:33
BRDA:2,0,0,1
BRDA:2,0,1,1
BRDA:2,0,2,1
BRDA:3,1,0,1
BRDA:3,1,1,6
BRDA:3,2,0,7
BRDA:3,2,1,7
BRDA:31,3,0,2
BRDA:31,3,1,0
BRDA:33,4,0,1
BRDA:33,4,1,1
BRDA:41,5,0,1
BRDA:41,5,1,0
BRDA:42,6,0,1
BRDA:42,6,1,1
BRDA:43,7,0,1
BRDA:43,7,1,0
BRF:17
BRH:14
end_of_record
TN:
SF:build\routes\messages.js
FN:2,(anonymous_0)
FN:3,adopt
FN:3,(anonymous_2)
FN:4,(anonymous_3)
FN:5,fulfilled
FN:6,rejected
FN:7,step
FN:11,(anonymous_7)
FN:30,validateMessage
FN:41,escapeHtml
FN:49,(anonymous_10)
FN:49,(anonymous_11)
FN:70,(anonymous_12)
FN:70,(anonymous_13)
FN:84,(anonymous_14)
FN:84,(anonymous_15)
FN:98,(anonymous_16)
FNF:17
FNH:15
FNDA:6,(anonymous_0)
FNDA:5,adopt
FNDA:4,(anonymous_2)
FNDA:6,(anonymous_3)
FNDA:5,fulfilled
FNDA:0,rejected
FNDA:11,step
FNDA:6,(anonymous_7)
FNDA:2,validateMessage
FNDA:3,escapeHtml
FNDA:2,(anonymous_10)
FNDA:2,(anonymous_11)
FNDA:2,(anonymous_12)
FNDA:2,(anonymous_13)
FNDA:2,(anonymous_14)
FNDA:2,(anonymous_15)
FNDA:0,(anonymous_16)
DA:2,1
DA:3,5
DA:4,6
DA:5,5
DA:6,0
DA:7,11
DA:8,6
DA:11,1
DA:12,6
DA:14,1
DA:15,1
DA:16,1
DA:17,1
DA:18,1
DA:19,1
DA:20,1
DA:22,1
DA:24,1
DA:25,1
DA:26,1
DA:31,2
DA:36,2
DA:39,1
DA:42,3
DA:49,2
DA:50,2
DA:51,2
DA:52,1
DA:58,1
DA:59,1
DA:60,1
DA:61,1
DA:62,1
DA:70,2
DA:71,2
DA:72,2
DA:73,1
DA:78,1
DA:84,2
DA:85,2
DA:86,2
DA:87,2
DA:88,1
DA:91,1
DA:98,1
DA:99,0
DA:103,1
LF:47
LH:45
BRDA:2,0,0,1
BRDA:2,0,1,1
BRDA:2,0,2,1
BRDA:3,1,0,1
BRDA:3,1,1,4
BRDA:4,2,0,6
BRDA:4,2,1,6
BRDA:7,3,0,6
BRDA:7,3,1,5
BRDA:8,4,0,6
BRDA:8,4,1,6
BRDA:11,5,0,1
BRDA:11,5,1,1
BRDA:11,5,2,1
BRDA:12,6,0,3
BRDA:12,6,1,3
BRDA:12,7,0,6
BRDA:12,7,1,6
BRDA:51,8,0,1
BRDA:51,8,1,1
BRDA:72,9,0,1
BRDA:72,9,1,1
BRDA:86,10,0,2
BRDA:86,10,1,0
BRDA:87,11,0,1
BRDA:87,11,1,1
BRF:26
BRH:25
end_of_record
TN:
SF:build\routes\profile.js
FN:2,(anonymous_0)
FN:3,adopt
FN:3,(anonymous_2)
FN:4,(anonymous_3)
FN:5,fulfilled
FN:6,rejected
FN:7,step
FN:11,(anonymous_7)
FN:45,(anonymous_8)
FN:45,(anonymous_9)
FN:62,validateIntro
FN:68,(anonymous_11)
FN:68,(anonymous_12)
FN:85,(anonymous_13)
FN:85,(anonymous_14)
FNF:15
FNH:12
FNDA:3,(anonymous_0)
FNDA:4,adopt
FNDA:4,(anonymous_2)
FNDA:3,(anonymous_3)
FNDA:4,fulfilled
FNDA:0,rejected
FNDA:7,step
FNDA:7,(anonymous_7)
FNDA:1,(anonymous_8)
FNDA:1,(anonymous_9)
FNDA:2,validateIntro
FNDA:2,(anonymous_11)
FNDA:2,(anonymous_12)
FNDA:0,(anonymous_13)
FNDA:0,(anonymous_14)
DA:2,1
DA:3,4
DA:4,3
DA:5,4
DA:6,0
DA:7,7
DA:8,3
DA:11,1
DA:12,7
DA:14,1
DA:15,1
DA:16,1
DA:17,1
DA:18,1
DA:19,1
DA:20,1
DA:21,1
DA:22,1
DA:23,1
DA:24,1
DA:27,1
DA:28,1
DA:30,1
DA:31,1
DA:45,1
DA:46,1
DA:47,1
DA:48,0
DA:49,0
DA:50,0
DA:51,0
DA:52,0
DA:58,1
DA:63,2
DA:66,2
DA:68,2
DA:69,2
DA:70,2
DA:71,2
DA:72,0
DA:74,2
DA:75,2
DA:76,1
DA:81,1
DA:82,0
DA:83,0
DA:84,0
DA:85,0
DA:86,0
DA:87,0
DA:88,0
DA:93,0
DA:94,0
DA:95,0
DA:96,0
DA:97,0
DA:98,0
DA:101,0
DA:102,0
DA:108,1
DA:109,0
DA:113,1
DA:114,0
DA:115,0
DA:116,0
DA:117,0
DA:120,1
DA:123,1
DA:127,1
LF:69
LH:42
BRDA:2,0,0,1
BRDA:2,0,1,1
BRDA:2,0,2,1
BRDA:3,1,0,0
BRDA:3,1,1,4
BRDA:4,2,0,3
BRDA:4,2,1,3
BRDA:7,3,0,3
BRDA:7,3,1,4
BRDA:8,4,0,3
BRDA:8,4,1,3
BRDA:11,5,0,1
BRDA:11,5,1,1
BRDA:11,5,2,1
BRDA:12,6,0,2
BRDA:12,6,1,5
BRDA:12,7,0,7
BRDA:12,7,1,7
BRDA:47,8,0,0
BRDA:47,8,1,1
BRDA:71,9,0,0
BRDA:71,9,1,2
BRDA:75,10,0,1
BRDA:75,10,1,1
BRDA:81,11,0,0
BRDA:81,11,1,1
BRDA:81,12,0,1
BRDA:81,12,1,0
BRDA:86,13,0,0
BRDA:86,13,1,0
BRDA:93,14,0,0
BRDA:93,14,1,0
BRDA:108,15,0,0
BRDA:108,15,1,1
BRDA:113,16,0,0
BRDA:113,16,1,1
BRF:36
BRH:25
end_of_record
TN:
SF:src\app.ts
FN:50,(anonymous_8)
FN:57,(anonymous_9)
FN:57,(anonymous_10)
FN:71,(anonymous_11)
FN:71,(anonymous_12)
FN:76,(anonymous_13)
FNF:6
FNH:1
FNDA:1,(anonymous_8)
FNDA:0,(anonymous_9)
FNDA:0,(anonymous_10)
FNDA:0,(anonymous_11)
FNDA:0,(anonymous_12)
FNDA:0,(anonymous_13)
DA:1,1
DA:2,1
DA:5,1
DA:6,1
DA:9,1
DA:10,1
DA:11,1
DA:15,1
DA:16,1
DA:17,1
DA:18,1
DA:19,1
DA:20,1
DA:21,1
DA:22,1
DA:23,1
DA:24,1
DA:28,1
DA:32,1
DA:33,1
DA:34,1
DA:35,1
DA:36,1
DA:40,1
DA:44,1
DA:45,1
DA:46,1
DA:47,1
DA:50,1
DA:51,1
DA:57,1
DA:58,0
DA:59,0
DA:60,0
DA:61,0
DA:66,0
DA:71,1
DA:72,0
DA:73,0
DA:76,1
DA:77,0
DA:83,1
LF:42
LH:34
BRDA:72,0,0,0
BRDA:72,0,1,0
BRDA:72,1,0,0
BRDA:72,1,1,0
BRF:4
BRH:0
end_of_record
TN:
SF:src\models\blogModels.ts
FNF:0
FNH:0
DA:1,1
DA:12,1
DA:36,1
DA:38,1
LF:4
LH:4
BRF:0
BRH:0
end_of_record
TN:
SF:src\models\commentModel.ts
FNF:0
FNH:0
DA:1,1
DA:11,1
DA:34,1
DA:37,1
LF:4
LH:4
BRF:0
BRH:0
end_of_record
TN:
SF:src\models\messageModel.ts
FNF:0
FNH:0
DA:1,1
DA:10,1
DA:29,1
DA:31,1
LF:4
LH:4
BRF:0
BRH:0
end_of_record
TN:
SF:src\models\profileModel.ts
FNF:0
FNH:0
DA:1,1
DA:8,1
DA:20,1
DA:22,1
LF:4
LH:4
BRF:0
BRH:0
end_of_record
TN:
SF:src\routes\blogs.ts
FN:12,validateBlog
FN:39,(anonymous_9)
FN:39,(anonymous_10)
FN:56,(anonymous_11)
FN:56,(anonymous_12)
FN:75,(anonymous_13)
FN:75,(anonymous_14)
FN:103,uploadFile
FN:111,(anonymous_16)
FN:121,(anonymous_17)
FN:121,(anonymous_18)
FN:157,(anonymous_19)
FN:157,(anonymous_20)
FNF:13
FNH:8
FNDA:2,validateBlog
FNDA:2,(anonymous_9)
FNDA:2,(anonymous_10)
FNDA:1,(anonymous_11)
FNDA:1,(anonymous_12)
FNDA:0,(anonymous_13)
FNDA:0,(anonymous_14)
FNDA:2,uploadFile
FNDA:0,(anonymous_16)
FNDA:2,(anonymous_17)
FNDA:2,(anonymous_18)
FNDA:0,(anonymous_19)
FNDA:0,(anonymous_20)
DA:1,1
DA:2,1
DA:3,1
DA:5,1
DA:6,1
DA:7,1
DA:8,1
DA:9,1
DA:10,1
DA:13,2
DA:18,2
DA:22,1
DA:23,1
DA:28,1
DA:32,1
DA:33,1
DA:37,1
DA:39,2
DA:40,2
DA:41,2
DA:42,2
DA:47,0
DA:56,1
DA:57,1
DA:58,1
DA:59,0
DA:64,1
DA:75,1
DA:76,0
DA:77,0
DA:78,0
DA:79,0
DA:80,0
DA:81,0
DA:82,0
DA:84,0
DA:85,0
DA:90,0
DA:104,2
DA:105,0
DA:106,0
DA:107,0
DA:108,0
DA:109,0
DA:110,0
DA:111,0
DA:112,0
DA:113,0
DA:115,0
DA:118,2
DA:121,2
DA:122,2
DA:123,2
DA:124,2
DA:125,2
DA:126,2
DA:127,0
DA:130,2
DA:136,2
DA:137,0
DA:138,0
DA:144,2
DA:150,2
DA:151,2
DA:157,1
DA:158,0
DA:159,0
DA:160,0
DA:161,0
DA:162,0
DA:163,0
DA:164,0
DA:166,0
DA:167,0
DA:169,0
DA:170,0
DA:172,0
DA:173,0
DA:174,0
DA:176,0
DA:177,0
DA:183,0
DA:189,0
DA:196,1
LF:84
LH:41
BRDA:77,0,0,0
BRDA:81,1,0,0
BRDA:84,2,0,0
BRDA:84,2,1,0
BRDA:104,3,0,0
BRDA:104,4,0,2
BRDA:104,4,1,0
BRDA:108,5,0,0
BRDA:126,6,0,0
BRDA:126,6,1,2
BRDA:136,7,0,0
BRDA:136,7,1,2
BRDA:161,8,0,0
BRDA:161,8,1,0
BRDA:163,9,0,0
BRDA:163,10,0,0
BRDA:163,10,1,0
BRDA:166,11,0,0
BRDA:166,12,0,0
BRDA:166,12,1,0
BRDA:169,13,0,0
BRDA:169,14,0,0
BRDA:169,14,1,0
BRDA:172,15,0,0
BRF:24
BRH:3
end_of_record
TN:
SF:src\routes\comments.ts
FN:18,validateComment
FN:34,(anonymous_9)
FN:34,(anonymous_10)
FN:45,(anonymous_11)
FN:45,(anonymous_12)
FN:63,(anonymous_13)
FN:63,(anonymous_14)
FN:94,(anonymous_15)
FN:94,(anonymous_16)
FN:125,escapeHtml
FN:133,(anonymous_18)
FN:133,(anonymous_19)
FNF:12
FNH:9
FNDA:2,validateComment
FNDA:2,(anonymous_9)
FNDA:2,(anonymous_10)
FNDA:1,(anonymous_11)
FNDA:1,(anonymous_12)
FNDA:0,(anonymous_13)
FNDA:0,(anonymous_14)
FNDA:1,(anonymous_15)
FNDA:1,(anonymous_16)
FNDA:0,escapeHtml
FNDA:2,(anonymous_18)
FNDA:2,(anonymous_19)
DA:2,1
DA:3,1
DA:4,1
DA:5,1
DA:6,1
DA:7,1
DA:8,1
DA:10,1
DA:12,1
DA:13,1
DA:14,1
DA:19,2
DA:24,2
DA:29,1
DA:34,2
DA:35,2
DA:36,2
DA:45,1
DA:46,1
DA:47,1
DA:48,1
DA:49,1
DA:54,0
DA:63,1
DA:64,0
DA:65,0
DA:66,0
DA:67,0
DA:68,0
DA:69,0
DA:70,0
DA:71,0
DA:77,0
DA:84,0
DA:94,1
DA:95,1
DA:96,1
DA:97,1
DA:98,1
DA:99,0
DA:100,0
DA:106,0
DA:113,1
DA:120,0
DA:126,0
DA:133,2
DA:134,2
DA:135,2
DA:136,2
DA:142,0
DA:143,0
DA:144,0
DA:145,0
DA:146,0
DA:147,0
DA:148,0
DA:155,0
DA:159,0
DA:164,1
LF:59
LH:34
BRDA:67,0,0,0
BRDA:67,0,1,0
BRDA:73,1,0,0
BRDA:73,1,1,0
BRDA:95,2,0,1
BRDA:95,2,1,0
BRDA:99,3,0,0
BRDA:99,3,1,0
BRDA:135,4,0,2
BRDA:135,4,1,0
BRDA:146,5,0,0
BRDA:146,5,1,0
BRF:12
BRH:2
end_of_record
TN:
SF:src\routes\invalidJson.ts
FN:5,invalidJson
FNF:1
FNH:0
FNDA:0,invalidJson
DA:6,0
DA:7,0
DA:8,0
DA:10,0
DA:13,1
LF:5
LH:1
BRDA:6,0,0,0
BRDA:6,1,0,0
BRDA:6,1,1,0
BRF:3
BRH:0
end_of_record
TN:
SF:src\routes\isAdmin.ts
FN:7,isAdmin
FNF:1
FNH:1
FNDA:11,isAdmin
DA:2,1
DA:3,1
DA:5,1
DA:8,11
DA:9,11
DA:10,10
DA:11,10
DA:12,0
DA:17,9
DA:20,1
DA:21,1
DA:25,1
DA:32,1
LF:13
LH:12
BRDA:9,0,0,10
BRDA:9,0,1,1
BRDA:11,1,0,0
BRF:3
BRH:2
end_of_record
TN:
SF:src\routes\login.ts
FN:30,validateUser
FN:38,(anonymous_2)
FN:51,(anonymous_3)
FNF:3
FNH:3
FNDA:2,validateUser
FNDA:2,(anonymous_2)
FNDA:1,(anonymous_3)
DA:1,1
DA:2,1
DA:3,1
DA:4,1
DA:5,1
DA:6,1
DA:7,1
DA:9,1
DA:11,1
DA:13,1
DA:14,1
DA:15,1
DA:21,1
DA:31,2
DA:35,2
DA:38,1
DA:39,2
DA:40,2
DA:41,2
DA:42,2
DA:43,1
DA:48,1
DA:49,1
DA:50,1
DA:51,1
DA:52,1
DA:53,1
DA:57,1
DA:60,1
DA:67,0
DA:75,0
DA:82,1
LF:32
LH:30
BRDA:40,0,0,2
BRDA:42,1,0,1
BRDA:50,2,0,1
BRDA:50,2,1,0
BRDA:51,3,0,1
BRDA:51,3,1,1
BRDA:52,4,0,1
BRDA:52,4,1,0
BRF:8
BRH:6
end_of_record
TN:
SF:src\routes\messages.ts
FN:22,validateMessage
FN:37,escapeHtml
FN:46,(anonymous_10)
FN:46,(anonymous_11)
FN:68,(anonymous_12)
FN:68,(anonymous_13)
FN:84,(anonymous_14)
FN:84,(anonymous_15)
FN:99,(anonymous_16)
FNF:9
FNH:8
FNDA:2,validateMessage
FNDA:3,escapeHtml
FNDA:2,(anonymous_10)
FNDA:2,(anonymous_11)
FNDA:2,(anonymous_12)
FNDA:2,(anonymous_13)
FNDA:2,(anonymous_14)
FNDA:2,(anonymous_15)
FNDA:0,(anonymous_16)
DA:2,1
DA:3,1
DA:4,1
DA:5,1
DA:6,1
DA:7,1
DA:11,1
DA:14,1
DA:15,1
DA:16,1
DA:23,2
DA:28,2
DA:34,1
DA:38,3
DA:46,2
DA:47,2
DA:48,2
DA:49,1
DA:54,1
DA:55,1
DA:56,1
DA:57,1
DA:58,1
DA:68,2
DA:69,2
DA:70,2
DA:71,1
DA:76,1
DA:84,2
DA:85,2
DA:86,2
DA:87,2
DA:88,1
DA:91,1
DA:99,1
DA:100,0
DA:105,1
LF:37
LH:36
BRDA:48,0,0,1
BRDA:48,0,1,1
BRDA:70,1,0,1
BRDA:86,2,0,2
BRDA:87,3,0,1
BRDA:87,3,1,1
BRF:6
BRH:6
end_of_record
TN:
SF:src\routes\profile.ts
FN:39,(anonymous_8)
FN:39,(anonymous_9)
FN:57,validateIntro
FN:64,(anonymous_11)
FN:64,(anonymous_12)
FN:82,(anonymous_13)
FN:82,(anonymous_14)
FNF:7
FNH:5
FNDA:1,(anonymous_8)
FNDA:1,(anonymous_9)
FNDA:2,validateIntro
FNDA:2,(anonymous_11)
FNDA:2,(anonymous_12)
FNDA:0,(anonymous_13)
FNDA:0,(anonymous_14)
DA:1,1
DA:2,1
DA:3,1
DA:4,1
DA:5,1
DA:6,1
DA:7,1
DA:9,1
DA:12,1
DA:14,1
DA:19,1
DA:20,1
DA:22,1
DA:23,1
DA:39,1
DA:40,1
DA:41,1
DA:42,0
DA:43,0
DA:44,0
DA:45,0
DA:46,0
DA:52,1
DA:58,2
DA:61,2
DA:64,2
DA:65,2
DA:66,2
DA:68,2
DA:69,0
DA:71,2
DA:72,2
DA:73,1
DA:78,1
DA:79,0
DA:80,0
DA:81,0
DA:82,0
DA:83,0
DA:84,0
DA:85,0
DA:90,0
DA:91,0
DA:92,0
DA:93,0
DA:94,0
DA:95,0
DA:98,0
DA:99,0
DA:105,1
DA:106,0
DA:110,1
DA:111,0
DA:112,0
DA:113,0
DA:114,0
DA:117,1
DA:120,1
DA:125,1
LF:59
LH:33
BRDA:41,0,0,0
BRDA:41,0,1,1
BRDA:68,1,0,0
BRDA:72,2,0,1
BRDA:78,3,0,0
BRDA:78,3,1,1
BRDA:78,4,0,1
BRDA:78,4,1,0
BRDA:83,5,0,0
BRDA:83,5,1,0
BRDA:90,6,0,0
BRDA:90,6,1,0
BRDA:105,7,0,0
BRDA:110,8,0,0
BRDA:110,8,1,1
BRF:15
BRH:5
end_of_record
