TN:
SF:src\app.ts
FN:22,(anonymous_1)
FN:48,(anonymous_2)
FN:56,(anonymous_3)
FNF:3
FNH:2
FNDA:0,(anonymous_1)
FNDA:1,(anonymous_2)
FNDA:1,(anonymous_3)
DA:1,1
DA:2,1
DA:5,1
DA:8,1
DA:9,1
DA:10,1
DA:14,1
DA:15,1
DA:16,1
DA:17,1
DA:18,1
DA:22,1
DA:23,0
DA:24,0
DA:25,0
DA:27,0
DA:32,1
DA:33,1
DA:34,1
DA:35,1
DA:36,1
DA:40,1
DA:43,1
DA:44,1
DA:45,1
DA:48,1
DA:49,1
DA:56,1
DA:57,1
DA:63,1
LF:30
LH:26
BRDA:23,0,0,0
BRDA:23,1,0,0
BRDA:23,1,1,0
BRF:3
BRH:0
end_of_record
TN:
SF:src\models\blogModels.ts
FNF:0
FNH:0
DA:1,1
DA:12,1
DA:36,1
DA:38,1
LF:4
LH:4
BRF:0
BRH:0
end_of_record
TN:
SF:src\models\commentModel.ts
FNF:0
FNH:0
DA:1,1
DA:11,1
DA:34,1
DA:37,1
LF:4
LH:4
BRF:0
BRH:0
end_of_record
TN:
SF:src\models\messageModel.ts
FNF:0
FNH:0
DA:1,1
DA:10,1
DA:29,1
DA:31,1
LF:4
LH:4
BRF:0
BRH:0
end_of_record
TN:
SF:src\models\profileModel.ts
FNF:0
FNH:0
DA:1,1
DA:8,1
DA:20,1
DA:22,1
LF:4
LH:4
BRF:0
BRH:0
end_of_record
TN:
SF:src\routes\blogs.ts
FN:7,validateBlog
FN:23,(anonymous_9)
FN:31,(anonymous_10)
FN:31,(anonymous_11)
FN:48,(anonymous_12)
FN:48,(anonymous_13)
FN:67,(anonymous_14)
FN:67,(anonymous_15)
FN:91,(anonymous_16)
FN:91,(anonymous_17)
FN:112,(anonymous_18)
FN:112,(anonymous_19)
FNF:12
FNH:11
FNDA:3,validateBlog
FNDA:0,(anonymous_9)
FNDA:2,(anonymous_10)
FNDA:2,(anonymous_11)
FNDA:2,(anonymous_12)
FNDA:2,(anonymous_13)
FNDA:2,(anonymous_14)
FNDA:2,(anonymous_15)
FNDA:3,(anonymous_16)
FNDA:3,(anonymous_17)
FNDA:3,(anonymous_18)
FNDA:3,(anonymous_19)
DA:1,1
DA:2,1
DA:3,1
DA:5,1
DA:8,3
DA:14,3
DA:18,1
DA:19,1
DA:23,1
DA:24,0
DA:25,0
DA:26,0
DA:28,0
DA:31,2
DA:32,2
DA:33,2
DA:34,2
DA:39,0
DA:48,2
DA:49,2
DA:50,2
DA:51,1
DA:56,1
DA:67,2
DA:68,2
DA:69,2
DA:70,2
DA:71,2
DA:72,2
DA:73,1
DA:78,1
DA:91,3
DA:92,3
DA:93,3
DA:94,3
DA:95,2
DA:96,2
DA:99,1
DA:105,0
DA:106,0
DA:112,3
DA:113,3
DA:114,3
DA:115,3
DA:116,1
DA:117,1
DA:118,1
DA:120,1
DA:121,1
DA:123,1
DA:124,1
DA:126,1
DA:127,1
DA:133,1
DA:139,1
DA:146,1
LF:56
LH:49
BRDA:24,0,0,0
BRDA:24,1,0,0
BRDA:24,1,1,0
BRDA:69,2,0,2
BRDA:72,3,0,1
BRDA:72,3,1,1
BRDA:94,4,0,2
BRDA:94,4,1,1
BRDA:115,5,0,1
BRDA:115,5,1,1
BRDA:117,6,0,1
BRDA:117,7,0,1
BRDA:117,7,1,1
BRDA:120,8,0,1
BRDA:120,9,0,1
BRDA:120,9,1,1
BRDA:123,10,0,1
BRDA:123,11,0,1
BRDA:123,11,1,1
BRF:19
BRH:16
end_of_record
TN:
SF:src\routes\comments.ts
FN:16,validateComment
FN:32,(anonymous_9)
FN:32,(anonymous_10)
FN:40,(anonymous_11)
FN:40,(anonymous_12)
FN:58,(anonymous_13)
FN:58,(anonymous_14)
FN:90,(anonymous_15)
FN:90,(anonymous_16)
FNF:9
FNH:9
FNDA:2,validateComment
FNDA:2,(anonymous_9)
FNDA:2,(anonymous_10)
FNDA:1,(anonymous_11)
FNDA:1,(anonymous_12)
FNDA:3,(anonymous_13)
FNDA:3,(anonymous_14)
FNDA:2,(anonymous_15)
FNDA:2,(anonymous_16)
DA:2,1
DA:3,1
DA:4,1
DA:5,1
DA:6,1
DA:7,1
DA:9,1
DA:11,1
DA:12,1
DA:17,2
DA:22,2
DA:27,1
DA:32,2
DA:33,2
DA:34,2
DA:40,1
DA:41,1
DA:42,1
DA:43,1
DA:44,1
DA:49,0
DA:58,3
DA:59,3
DA:60,3
DA:61,3
DA:62,3
DA:63,2
DA:64,1
DA:70,1
DA:77,1
DA:84,0
DA:90,2
DA:91,2
DA:92,2
DA:93,1
DA:99,1
DA:100,1
DA:101,1
DA:102,1
DA:103,1
DA:110,0
DA:114,0
DA:119,1
LF:43
LH:39
BRDA:59,0,0,3
BRDA:59,0,1,0
BRDA:63,1,0,1
BRDA:63,1,1,1
BRDA:92,2,0,1
BRDA:92,2,1,1
BRDA:101,3,0,1
BRDA:101,3,1,0
BRF:8
BRH:6
end_of_record
TN:
SF:src\routes\invalidJson.ts
FN:5,invalidJson
FNF:1
FNH:0
FNDA:0,invalidJson
DA:6,0
DA:7,0
DA:8,0
DA:10,0
DA:13,1
LF:5
LH:1
BRDA:6,0,0,0
BRDA:6,1,0,0
BRDA:6,1,1,0
BRF:3
BRH:0
end_of_record
TN:
SF:src\routes\isAdmin.ts
FN:7,isAdmin
FNF:1
FNH:1
FNDA:19,isAdmin
DA:2,1
DA:3,1
DA:5,1
DA:8,19
DA:9,19
DA:10,18
DA:11,18
DA:12,0
DA:17,17
DA:20,1
DA:21,1
DA:25,1
DA:32,1
LF:13
LH:12
BRDA:9,0,0,18
BRDA:9,0,1,1
BRDA:11,1,0,0
BRF:3
BRH:2
end_of_record
TN:
SF:src\routes\login.ts
FN:28,validateUser
FN:36,(anonymous_2)
FN:49,(anonymous_3)
FNF:3
FNH:3
FNDA:2,validateUser
FNDA:2,(anonymous_2)
FNDA:1,(anonymous_3)
DA:1,1
DA:2,1
DA:3,1
DA:4,1
DA:5,1
DA:6,1
DA:8,1
DA:10,1
DA:12,1
DA:13,1
DA:19,1
DA:29,2
DA:33,2
DA:36,1
DA:37,2
DA:38,2
DA:39,2
DA:40,2
DA:41,1
DA:46,1
DA:47,1
DA:48,1
DA:49,1
DA:50,1
DA:51,1
DA:55,1
DA:58,1
DA:65,0
DA:72,0
DA:79,1
LF:30
LH:28
BRDA:38,0,0,2
BRDA:40,1,0,1
BRDA:48,2,0,1
BRDA:48,2,1,0
BRDA:49,3,0,1
BRDA:49,3,1,1
BRDA:50,4,0,1
BRDA:50,4,1,0
BRF:8
BRH:6
end_of_record
TN:
SF:src\routes\messages.ts
FN:21,validateMessage
FN:37,(anonymous_9)
FN:37,(anonymous_10)
FN:56,(anonymous_11)
FN:56,(anonymous_12)
FN:72,(anonymous_13)
FN:72,(anonymous_14)
FN:85,(anonymous_15)
FNF:8
FNH:7
FNDA:2,validateMessage
FNDA:2,(anonymous_9)
FNDA:2,(anonymous_10)
FNDA:2,(anonymous_11)
FNDA:2,(anonymous_12)
FNDA:2,(anonymous_13)
FNDA:2,(anonymous_14)
FNDA:0,(anonymous_15)
DA:2,1
DA:3,1
DA:4,1
DA:5,1
DA:6,1
DA:10,1
DA:14,1
DA:15,1
DA:22,2
DA:27,2
DA:33,1
DA:37,2
DA:38,2
DA:39,2
DA:40,1
DA:45,1
DA:46,1
DA:56,2
DA:57,2
DA:58,2
DA:59,1
DA:64,1
DA:72,2
DA:73,2
DA:74,2
DA:75,2
DA:76,1
DA:79,1
DA:85,1
DA:86,0
DA:91,1
LF:31
LH:30
BRDA:39,0,0,1
BRDA:39,0,1,1
BRDA:58,1,0,1
BRDA:74,2,0,2
BRDA:75,3,0,1
BRDA:75,3,1,1
BRF:6
BRH:6
end_of_record
TN:
SF:src\routes\profile.ts
FN:35,(anonymous_8)
FN:35,(anonymous_9)
FN:53,validateIntro
FN:60,(anonymous_11)
FN:60,(anonymous_12)
FN:78,(anonymous_13)
FN:78,(anonymous_14)
FNF:7
FNH:5
FNDA:1,(anonymous_8)
FNDA:1,(anonymous_9)
FNDA:2,validateIntro
FNDA:2,(anonymous_11)
FNDA:2,(anonymous_12)
FNDA:0,(anonymous_13)
FNDA:0,(anonymous_14)
DA:1,1
DA:2,1
DA:3,1
DA:4,1
DA:5,1
DA:6,1
DA:8,1
DA:10,1
DA:15,1
DA:16,1
DA:18,1
DA:19,1
DA:35,1
DA:36,1
DA:37,1
DA:38,0
DA:39,0
DA:40,0
DA:41,0
DA:42,0
DA:48,1
DA:54,2
DA:57,2
DA:60,2
DA:61,2
DA:62,2
DA:64,2
DA:65,0
DA:67,2
DA:68,2
DA:69,1
DA:74,1
DA:75,0
DA:76,0
DA:77,0
DA:78,0
DA:79,0
DA:80,0
DA:81,0
DA:86,0
DA:87,0
DA:88,0
DA:89,0
DA:90,0
DA:91,0
DA:94,0
DA:95,0
DA:101,1
DA:102,0
DA:106,1
DA:107,0
DA:108,0
DA:109,0
DA:110,0
DA:113,1
DA:116,1
DA:121,1
LF:57
LH:31
BRDA:37,0,0,0
BRDA:37,0,1,1
BRDA:64,1,0,0
BRDA:68,2,0,1
BRDA:74,3,0,0
BRDA:74,3,1,1
BRDA:74,4,0,1
BRDA:74,4,1,0
BRDA:79,5,0,0
BRDA:79,5,1,0
BRDA:86,6,0,0
BRDA:86,6,1,0
BRDA:101,7,0,0
BRDA:106,8,0,0
BRDA:106,8,1,1
BRF:15
BRH:5
end_of_record
